2020-03-21 03:28:09.859881 ,nfsd_dispatch,1,0,rq_xid:1339318821,proc:0
2020-03-21 03:28:12.393936 ,nfsd_dispatch,1,0,rq_xid:3879058520,proc:0
2020-03-21 03:28:14.943483 ,nfsd_dispatch,1,0,rq_xid:934793771,proc:0
2020-03-21 03:28:16.979608 ,nfsd3_proc_access,12,0,0,rq_xid:2022336830
2020-03-21 03:28:16.979614 ,nfsd_dispatch,19,0,rq_xid:2022336830,proc:4
2020-03-21 03:28:16.979738 ,nfsd3_proc_getattr:fh_getattr,2,0,0,rq_xid:2022336831
2020-03-21 03:28:16.979742 ,nfsd3_proc_getattr,10,0,0,rq_xid:2022336831
2020-03-21 03:28:16.979745 ,nfsd_dispatch,15,0,rq_xid:2022336831,proc:1
2020-03-21 03:28:16.979843 ,nfsd3_proc_access,6,0,0,rq_xid:2022336832
2020-03-21 03:28:16.979848 ,nfsd_dispatch,11,0,rq_xid:2022336832,proc:4
2020-03-21 03:28:16.979931 ,nfsd3_proc_lookup,17,33554432,0,rq_xid:2022336833
2020-03-21 03:28:16.979935 ,nfsd_dispatch,21,0,rq_xid:2022336833,proc:3
2020-03-21 03:28:16.980525 ,nfsd_create:vfs_mkdir,509,0,0,rq_xid:2022336834
2020-03-21 03:28:16.980532 ,nfsd_dispatch,524,0,rq_xid:2022336834,proc:9
2020-03-21 03:28:16.980617 ,nfsd_dispatch,10,0,rq_xid:2022336835,proc:1
2020-03-21 03:28:17.016445 ,nfsd3_proc_access,14,0,0,rq_xid:2022336836
2020-03-21 03:28:17.016451 ,nfsd_dispatch,22,0,rq_xid:2022336836,proc:4
2020-03-21 03:28:17.017045 ,nfsd_v3:do_nfsd_create,506,0,0,rq_xid:2022336837
2020-03-21 03:28:17.017066 ,nfsd_dispatch,529,0,rq_xid:2022336837,proc:8
2020-03-21 03:28:17.017149 ,nfsd3_proc_setattr,7,0,0,rq_xid:2022336838
2020-03-21 03:28:17.017153 ,nfsd_dispatch,12,0,rq_xid:2022336838,proc:2
2020-03-21 03:28:17.017240 ,nfsd_dispatch,9,0,rq_xid:2022336839,proc:1
2020-03-21 03:28:17.017513 ,nfsd_vfs_write:vfs_writev,25,0,6,rq_xid:2022336840
2020-03-21 03:28:17.017518 ,nfsd_write:nfsd_vfs_write,32,0,3980,6,rq_xid:2022336840
2020-03-21 03:28:17.017523 ,nfsd_write,41,0,20480,off:0,fh:16: 01010001 0000072a 0034ac1f 00000100 00000000 00000000,rq_xid:2022336840
2020-03-21 03:28:17.017527 ,nfsd_dispatch,49,0,rq_xid:2022336840,proc:7
2020-03-21 03:28:17.017907 ,nfsd_v3:do_nfsd_create,257,0,0,rq_xid:2022336841
2020-03-21 03:28:17.017918 ,nfsd_dispatch,269,0,rq_xid:2022336841,proc:8
2020-03-21 03:28:17.017995 ,nfsd3_proc_setattr,7,0,0,rq_xid:2022336842
2020-03-21 03:28:17.017999 ,nfsd_dispatch,12,0,rq_xid:2022336842,proc:2
2020-03-21 03:28:17.018175 ,nfsd_vfs_write:vfs_writev,18,0,6,rq_xid:2022336843
2020-03-21 03:28:17.018180 ,nfsd_write:nfsd_vfs_write,23,0,3980,6,rq_xid:2022336843
2020-03-21 03:28:17.018184 ,nfsd_write,30,0,20480,off:0,fh:16: 01010001 0000072a 0034ac20 00000100 00000000 00000000,rq_xid:2022336843
2020-03-21 03:28:17.018188 ,nfsd_dispatch,37,0,rq_xid:2022336843,proc:7
2020-03-21 03:28:17.018538 ,nfsd_v3:do_nfsd_create,255,0,0,rq_xid:2022336844
2020-03-21 03:28:17.018548 ,nfsd_dispatch,266,0,rq_xid:2022336844,proc:8
2020-03-21 03:28:17.018624 ,nfsd3_proc_setattr,7,0,0,rq_xid:2022336845
2020-03-21 03:28:17.018627 ,nfsd_dispatch,11,0,rq_xid:2022336845,proc:2
2020-03-21 03:28:17.018797 ,nfsd_vfs_write:vfs_writev,19,0,6,rq_xid:2022336846
2020-03-21 03:28:17.018802 ,nfsd_write:nfsd_vfs_write,24,0,3980,6,rq_xid:2022336846
2020-03-21 03:28:17.018806 ,nfsd_write,33,0,20480,off:0,fh:16: 01010001 0000072a 0034ac21 00000100 00000000 00000000,rq_xid:2022336846
2020-03-21 03:28:17.018811 ,nfsd_dispatch,39,0,rq_xid:2022336846,proc:7
2020-03-21 03:28:17.019203 ,nfsd_v3:do_nfsd_create,294,0,0,rq_xid:2022336847
2020-03-21 03:28:17.019213 ,nfsd_dispatch,306,0,rq_xid:2022336847,proc:8
2020-03-21 03:28:17.019293 ,nfsd3_proc_setattr,11,0,0,rq_xid:2022336848
2020-03-21 03:28:17.019297 ,nfsd_dispatch,16,0,rq_xid:2022336848,proc:2
2020-03-21 03:28:17.019493 ,nfsd_write:nfsd_open,13,0,0,rq_xid:2022336849
2020-03-21 03:28:17.019524 ,nfsd_vfs_write:vfs_writev,26,0,6,rq_xid:2022336849
2020-03-21 03:28:17.019530 ,nfsd_write:nfsd_vfs_write,38,0,3980,6,rq_xid:2022336849
2020-03-21 03:28:17.019534 ,nfsd_write,54,0,20480,off:0,fh:16: 01010001 0000072a 0034ac22 00000100 00000000 00000000,rq_xid:2022336849
2020-03-21 03:28:17.019540 ,nfsd_dispatch,64,0,rq_xid:2022336849,proc:7
2020-03-21 03:28:17.019922 ,nfsd_v3:do_nfsd_create,278,0,0,rq_xid:2022336850
2020-03-21 03:28:17.019934 ,nfsd_dispatch,292,0,rq_xid:2022336850,proc:8
2020-03-21 03:28:17.020015 ,nfsd3_proc_setattr,6,0,0,rq_xid:2022336851
2020-03-21 03:28:17.020019 ,nfsd_dispatch,11,0,rq_xid:2022336851,proc:2
2020-03-21 03:28:17.020213 ,nfsd_vfs_write:vfs_writev,28,0,6,rq_xid:2022336852
2020-03-21 03:28:17.020219 ,nfsd_write:nfsd_vfs_write,33,0,3980,6,rq_xid:2022336852
2020-03-21 03:28:17.020223 ,nfsd_write,44,0,20480,off:0,fh:16: 01010001 0000072a 0034ac23 00000100 00000000 00000000,rq_xid:2022336852
2020-03-21 03:28:17.020237 ,nfsd_dispatch,61,0,rq_xid:2022336852,proc:7
2020-03-21 03:28:17.020611 ,nfsd_v3:do_nfsd_create,271,0,0,rq_xid:2022336853
2020-03-21 03:28:17.020633 ,nfsd_dispatch,294,0,rq_xid:2022336853,proc:8
2020-03-21 03:28:17.020708 ,nfsd3_proc_setattr,6,0,0,rq_xid:2022336854
2020-03-21 03:28:17.020711 ,nfsd_dispatch,9,0,rq_xid:2022336854,proc:2
2020-03-21 03:28:17.020887 ,nfsd_vfs_write:vfs_writev,19,0,6,rq_xid:2022336855
2020-03-21 03:28:17.020892 ,nfsd_write:nfsd_vfs_write,24,0,3980,6,rq_xid:2022336855
2020-03-21 03:28:17.020896 ,nfsd_write,31,0,20480,off:0,fh:16: 01010001 0000072a 0034ac24 00000100 00000000 00000000,rq_xid:2022336855
2020-03-21 03:28:17.020900 ,nfsd_dispatch,39,0,rq_xid:2022336855,proc:7
2020-03-21 03:28:17.021265 ,nfsd_v3:do_nfsd_create,271,0,0,rq_xid:2022336856
2020-03-21 03:28:17.021275 ,nfsd_dispatch,282,0,rq_xid:2022336856,proc:8
2020-03-21 03:28:17.021345 ,nfsd3_proc_setattr,6,0,0,rq_xid:2022336857
2020-03-21 03:28:17.021348 ,nfsd_dispatch,10,0,rq_xid:2022336857,proc:2
2020-03-21 03:28:17.021529 ,nfsd_vfs_write:vfs_writev,21,0,6,rq_xid:2022336858
2020-03-21 03:28:17.021534 ,nfsd_write:nfsd_vfs_write,26,0,3980,6,rq_xid:2022336858
2020-03-21 03:28:17.021538 ,nfsd_write,35,0,20480,off:0,fh:16: 01010001 0000072a 0034ac25 00000100 00000000 00000000,rq_xid:2022336858
2020-03-21 03:28:17.021543 ,nfsd_dispatch,44,0,rq_xid:2022336858,proc:7
2020-03-21 03:28:17.021896 ,nfsd_v3:do_nfsd_create,255,0,0,rq_xid:2022336859
2020-03-21 03:28:17.021906 ,nfsd_dispatch,266,0,rq_xid:2022336859,proc:8
2020-03-21 03:28:17.021982 ,nfsd3_proc_setattr,11,0,0,rq_xid:2022336860
2020-03-21 03:28:17.021987 ,nfsd_dispatch,16,0,rq_xid:2022336860,proc:2
2020-03-21 03:28:17.022164 ,nfsd_vfs_write:vfs_writev,20,0,6,rq_xid:2022336861
2020-03-21 03:28:17.022169 ,nfsd_write:nfsd_vfs_write,25,0,3980,6,rq_xid:2022336861
2020-03-21 03:28:17.022173 ,nfsd_write,33,0,20480,off:0,fh:16: 01010001 0000072a 0034ac26 00000100 00000000 00000000,rq_xid:2022336861
2020-03-21 03:28:17.022177 ,nfsd_dispatch,40,0,rq_xid:2022336861,proc:7
2020-03-21 03:28:17.022541 ,nfsd_v3:do_nfsd_create,269,0,0,rq_xid:2022336862
2020-03-21 03:28:17.022555 ,nfsd_dispatch,284,0,rq_xid:2022336862,proc:8
2020-03-21 03:28:17.022638 ,nfsd3_proc_setattr,6,0,0,rq_xid:2022336863
2020-03-21 03:28:17.022641 ,nfsd_dispatch,11,0,rq_xid:2022336863,proc:2
2020-03-21 03:28:17.022798 ,nfsd_vfs_write:vfs_writev,17,0,6,rq_xid:2022336864
2020-03-21 03:28:17.022802 ,nfsd_write:nfsd_vfs_write,22,0,3980,6,rq_xid:2022336864
2020-03-21 03:28:17.022807 ,nfsd_write,30,0,20480,off:0,fh:16: 01010001 0000072a 0034ac27 00000100 00000000 00000000,rq_xid:2022336864
2020-03-21 03:28:17.022811 ,nfsd_dispatch,36,0,rq_xid:2022336864,proc:7
2020-03-21 03:28:17.023212 ,nfsd_v3:do_nfsd_create,265,0,0,rq_xid:2022336865
2020-03-21 03:28:17.023223 ,nfsd_dispatch,278,0,rq_xid:2022336865,proc:8
2020-03-21 03:28:17.023300 ,nfsd3_proc_setattr,6,0,0,rq_xid:2022336866
2020-03-21 03:28:17.023303 ,nfsd_dispatch,10,0,rq_xid:2022336866,proc:2
2020-03-21 03:28:17.023460 ,nfsd_vfs_write:vfs_writev,18,0,6,rq_xid:2022336867
2020-03-21 03:28:17.023464 ,nfsd_write:nfsd_vfs_write,22,0,3980,6,rq_xid:2022336867
2020-03-21 03:28:17.023468 ,nfsd_write,28,0,20480,off:0,fh:16: 01010001 0000072a 0034ac28 00000100 00000000 00000000,rq_xid:2022336867
2020-03-21 03:28:17.023472 ,nfsd_dispatch,35,0,rq_xid:2022336867,proc:7
2020-03-21 03:28:17.023822 ,nfsd_v3:do_nfsd_create,249,0,0,rq_xid:2022336868
2020-03-21 03:28:17.023832 ,nfsd_dispatch,261,0,rq_xid:2022336868,proc:8
2020-03-21 03:28:17.023904 ,nfsd3_proc_setattr,5,0,0,rq_xid:2022336869
2020-03-21 03:28:17.023907 ,nfsd_dispatch,9,0,rq_xid:2022336869,proc:2
2020-03-21 03:28:17.024065 ,nfsd_vfs_write:vfs_writev,18,0,6,rq_xid:2022336870
2020-03-21 03:28:17.024070 ,nfsd_write:nfsd_vfs_write,22,0,3980,6,rq_xid:2022336870
2020-03-21 03:28:17.024074 ,nfsd_write,29,0,20480,off:0,fh:16: 01010001 0000072a 0034ac29 00000100 00000000 00000000,rq_xid:2022336870
2020-03-21 03:28:17.024084 ,nfsd_dispatch,42,0,rq_xid:2022336870,proc:7
2020-03-21 03:28:17.024417 ,nfsd_v3:do_nfsd_create,243,0,0,rq_xid:2022336871
2020-03-21 03:28:17.024428 ,nfsd_dispatch,255,0,rq_xid:2022336871,proc:8
2020-03-21 03:28:17.024503 ,nfsd3_proc_setattr,6,0,0,rq_xid:2022336872
2020-03-21 03:28:17.024507 ,nfsd_dispatch,11,0,rq_xid:2022336872,proc:2
2020-03-21 03:28:17.024668 ,nfsd_vfs_write:vfs_writev,17,0,6,rq_xid:2022336873
2020-03-21 03:28:17.024672 ,nfsd_write:nfsd_vfs_write,21,0,3980,6,rq_xid:2022336873
2020-03-21 03:28:17.024676 ,nfsd_write,28,0,20480,off:0,fh:16: 01010001 0000072a 0034ac2a 00000100 00000000 00000000,rq_xid:2022336873
2020-03-21 03:28:17.024680 ,nfsd_dispatch,35,0,rq_xid:2022336873,proc:7
2020-03-21 03:28:17.025016 ,nfsd_v3:do_nfsd_create,246,0,0,rq_xid:2022336874
2020-03-21 03:28:17.025026 ,nfsd_dispatch,258,0,rq_xid:2022336874,proc:8
2020-03-21 03:28:17.025102 ,nfsd3_proc_setattr,5,0,0,rq_xid:2022336875
2020-03-21 03:28:17.025105 ,nfsd_dispatch,9,0,rq_xid:2022336875,proc:2
2020-03-21 03:28:17.025264 ,nfsd_vfs_write:vfs_writev,16,0,6,rq_xid:2022336876
2020-03-21 03:28:17.025269 ,nfsd_write:nfsd_vfs_write,21,0,3980,6,rq_xid:2022336876
2020-03-21 03:28:17.025273 ,nfsd_write,28,0,20480,off:0,fh:16: 01010001 0000072a 0034ac2b 00000100 00000000 00000000,rq_xid:2022336876
2020-03-21 03:28:17.025277 ,nfsd_dispatch,35,0,rq_xid:2022336876,proc:7
2020-03-21 03:28:17.025611 ,nfsd_v3:do_nfsd_create,247,0,0,rq_xid:2022336877
2020-03-21 03:28:17.025622 ,nfsd_dispatch,259,0,rq_xid:2022336877,proc:8
2020-03-21 03:28:17.025705 ,nfsd3_proc_setattr,6,0,0,rq_xid:2022336878
2020-03-21 03:28:17.025708 ,nfsd_dispatch,10,0,rq_xid:2022336878,proc:2
2020-03-21 03:28:17.025877 ,nfsd_vfs_write:vfs_writev,18,0,6,rq_xid:2022336879
2020-03-21 03:28:17.025881 ,nfsd_write:nfsd_vfs_write,22,0,3980,6,rq_xid:2022336879
2020-03-21 03:28:17.025885 ,nfsd_write,31,0,20480,off:0,fh:16: 01010001 0000072a 0034ac2c 00000100 00000000 00000000,rq_xid:2022336879
2020-03-21 03:28:17.025889 ,nfsd_dispatch,36,0,rq_xid:2022336879,proc:7
2020-03-21 03:28:17.026232 ,nfsd_v3:do_nfsd_create,250,0,0,rq_xid:2022336880
2020-03-21 03:28:17.026243 ,nfsd_dispatch,262,0,rq_xid:2022336880,proc:8
2020-03-21 03:28:17.026317 ,nfsd3_proc_setattr,6,0,0,rq_xid:2022336881
2020-03-21 03:28:17.026320 ,nfsd_dispatch,10,0,rq_xid:2022336881,proc:2
2020-03-21 03:28:17.026479 ,nfsd_vfs_write:vfs_writev,18,0,6,rq_xid:2022336882
2020-03-21 03:28:17.026484 ,nfsd_write:nfsd_vfs_write,23,0,3980,6,rq_xid:2022336882
2020-03-21 03:28:17.026488 ,nfsd_write,31,0,20480,off:0,fh:16: 01010001 0000072a 0034ac2d 00000100 00000000 00000000,rq_xid:2022336882
2020-03-21 03:28:17.026492 ,nfsd_dispatch,38,0,rq_xid:2022336882,proc:7
2020-03-21 03:28:17.026844 ,nfsd_v3:do_nfsd_create,259,0,0,rq_xid:2022336883
2020-03-21 03:28:17.026855 ,nfsd_dispatch,272,0,rq_xid:2022336883,proc:8
2020-03-21 03:28:17.026925 ,nfsd3_proc_setattr,5,0,0,rq_xid:2022336884
2020-03-21 03:28:17.026928 ,nfsd_dispatch,9,0,rq_xid:2022336884,proc:2
2020-03-21 03:28:17.027092 ,nfsd_vfs_write:vfs_writev,23,0,6,rq_xid:2022336885
2020-03-21 03:28:17.027096 ,nfsd_write:nfsd_vfs_write,27,0,3980,6,rq_xid:2022336885
2020-03-21 03:28:17.027100 ,nfsd_write,36,0,20480,off:0,fh:16: 01010001 0000072a 0034ac2e 00000100 00000000 00000000,rq_xid:2022336885
2020-03-21 03:28:17.027104 ,nfsd_dispatch,42,0,rq_xid:2022336885,proc:7
2020-03-21 03:28:17.027440 ,nfsd_v3:do_nfsd_create,245,0,0,rq_xid:2022336886
2020-03-21 03:28:17.027451 ,nfsd_dispatch,257,0,rq_xid:2022336886,proc:8
2020-03-21 03:28:17.027524 ,nfsd3_proc_setattr,5,0,0,rq_xid:2022336887
2020-03-21 03:28:17.027527 ,nfsd_dispatch,10,0,rq_xid:2022336887,proc:2
2020-03-21 03:28:17.027688 ,nfsd_vfs_write:vfs_writev,17,0,6,rq_xid:2022336888
2020-03-21 03:28:17.027692 ,nfsd_write:nfsd_vfs_write,22,0,3980,6,rq_xid:2022336888
2020-03-21 03:28:17.027696 ,nfsd_write,32,0,20480,off:0,fh:16: 01010001 0000072a 0034ac2f 00000100 00000000 00000000,rq_xid:2022336888
2020-03-21 03:28:17.027701 ,nfsd_dispatch,37,0,rq_xid:2022336888,proc:7
2020-03-21 03:28:17.028059 ,nfsd_v3:do_nfsd_create,268,0,0,rq_xid:2022336889
2020-03-21 03:28:17.028070 ,nfsd_dispatch,280,0,rq_xid:2022336889,proc:8
2020-03-21 03:28:17.028157 ,nfsd3_proc_setattr,7,0,0,rq_xid:2022336890
2020-03-21 03:28:17.028161 ,nfsd_dispatch,12,0,rq_xid:2022336890,proc:2
2020-03-21 03:28:17.028335 ,nfsd_vfs_write:vfs_writev,17,0,6,rq_xid:2022336891
2020-03-21 03:28:17.028340 ,nfsd_write:nfsd_vfs_write,22,0,3980,6,rq_xid:2022336891
2020-03-21 03:28:17.028344 ,nfsd_write,30,0,20480,off:0,fh:16: 01010001 0000072a 0034ac30 00000100 00000000 00000000,rq_xid:2022336891
2020-03-21 03:28:17.028349 ,nfsd_dispatch,38,0,rq_xid:2022336891,proc:7
2020-03-21 03:28:17.028833 ,nfsd_v3:do_nfsd_create,367,0,0,rq_xid:2022336892
2020-03-21 03:28:17.028844 ,nfsd_dispatch,379,0,rq_xid:2022336892,proc:8
2020-03-21 03:28:17.028925 ,nfsd3_proc_setattr,5,0,0,rq_xid:2022336893
2020-03-21 03:28:17.028928 ,nfsd_dispatch,10,0,rq_xid:2022336893,proc:2
2020-03-21 03:28:17.029129 ,nfsd_vfs_write:vfs_writev,22,0,6,rq_xid:2022336894
2020-03-21 03:28:17.029136 ,nfsd_write:nfsd_vfs_write,29,0,3980,6,rq_xid:2022336894
2020-03-21 03:28:17.029140 ,nfsd_write,38,0,20480,off:0,fh:16: 01010001 0000072a 0034ac31 00000100 00000000 00000000,rq_xid:2022336894
2020-03-21 03:28:17.029145 ,nfsd_dispatch,47,0,rq_xid:2022336894,proc:7
2020-03-21 03:28:17.029672 ,nfsd_v3:do_nfsd_create,405,0,0,rq_xid:2022336895
2020-03-21 03:28:17.029685 ,nfsd_dispatch,419,0,rq_xid:2022336895,proc:8
2020-03-21 03:28:17.029770 ,nfsd3_proc_setattr,6,0,0,rq_xid:2022336896
2020-03-21 03:28:17.029773 ,nfsd_dispatch,11,0,rq_xid:2022336896,proc:2
2020-03-21 03:28:17.029934 ,nfsd_vfs_write:vfs_writev,14,0,6,rq_xid:2022336897
2020-03-21 03:28:17.029938 ,nfsd_write:nfsd_vfs_write,20,0,3980,6,rq_xid:2022336897
2020-03-21 03:28:17.029942 ,nfsd_write,26,0,20480,off:0,fh:16: 01010001 0000072a 0034ac32 00000100 00000000 00000000,rq_xid:2022336897
2020-03-21 03:28:17.029947 ,nfsd_dispatch,33,0,rq_xid:2022336897,proc:7
2020-03-21 03:28:17.030334 ,nfsd_v3:do_nfsd_create,289,0,0,rq_xid:2022336898
2020-03-21 03:28:17.030345 ,nfsd_dispatch,301,0,rq_xid:2022336898,proc:8
2020-03-21 03:28:17.030426 ,nfsd3_proc_setattr,9,0,0,rq_xid:2022336899
2020-03-21 03:28:17.030431 ,nfsd_dispatch,15,0,rq_xid:2022336899,proc:2
2020-03-21 03:28:17.030604 ,nfsd_vfs_write:vfs_writev,19,0,6,rq_xid:2022336900
2020-03-21 03:28:17.030610 ,nfsd_write:nfsd_vfs_write,25,0,3980,6,rq_xid:2022336900
2020-03-21 03:28:17.030614 ,nfsd_write,34,0,20480,off:0,fh:16: 01010001 0000072a 0034ac33 00000100 00000000 00000000,rq_xid:2022336900
2020-03-21 03:28:17.030619 ,nfsd_dispatch,42,0,rq_xid:2022336900,proc:7
2020-03-21 03:28:17.030982 ,nfsd_v3:do_nfsd_create,258,0,0,rq_xid:2022336901
2020-03-21 03:28:17.030995 ,nfsd_dispatch,272,0,rq_xid:2022336901,proc:8
2020-03-21 03:28:17.031071 ,nfsd3_proc_setattr,7,0,0,rq_xid:2022336902
2020-03-21 03:28:17.031074 ,nfsd_dispatch,11,0,rq_xid:2022336902,proc:2
2020-03-21 03:28:17.031250 ,nfsd_vfs_write:vfs_writev,22,0,6,rq_xid:2022336903
2020-03-21 03:28:17.031254 ,nfsd_write:nfsd_vfs_write,26,0,3980,6,rq_xid:2022336903
2020-03-21 03:28:17.031258 ,nfsd_write,34,0,20480,off:0,fh:16: 01010001 0000072a 0034ac34 00000100 00000000 00000000,rq_xid:2022336903
2020-03-21 03:28:17.031262 ,nfsd_dispatch,41,0,rq_xid:2022336903,proc:7
2020-03-21 03:28:17.031607 ,nfsd_v3:do_nfsd_create,251,0,0,rq_xid:2022336904
2020-03-21 03:28:17.031619 ,nfsd_dispatch,265,0,rq_xid:2022336904,proc:8
2020-03-21 03:28:17.031698 ,nfsd3_proc_setattr,6,0,0,rq_xid:2022336905
2020-03-21 03:28:17.031702 ,nfsd_dispatch,11,0,rq_xid:2022336905,proc:2
2020-03-21 03:28:17.031860 ,nfsd_vfs_write:vfs_writev,19,0,6,rq_xid:2022336906
2020-03-21 03:28:17.031865 ,nfsd_write:nfsd_vfs_write,24,0,3980,6,rq_xid:2022336906
2020-03-21 03:28:17.031869 ,nfsd_write,31,0,20480,off:0,fh:16: 01010001 0000072a 0034ac35 00000100 00000000 00000000,rq_xid:2022336906
2020-03-21 03:28:17.031873 ,nfsd_dispatch,37,0,rq_xid:2022336906,proc:7
2020-03-21 03:28:17.032223 ,nfsd_v3:do_nfsd_create,262,0,0,rq_xid:2022336907
2020-03-21 03:28:17.032234 ,nfsd_dispatch,273,0,rq_xid:2022336907,proc:8
2020-03-21 03:28:17.032306 ,nfsd3_proc_setattr,6,0,0,rq_xid:2022336908
2020-03-21 03:28:17.032309 ,nfsd_dispatch,10,0,rq_xid:2022336908,proc:2
2020-03-21 03:28:17.032461 ,nfsd_vfs_write:vfs_writev,18,0,6,rq_xid:2022336909
2020-03-21 03:28:17.032465 ,nfsd_write:nfsd_vfs_write,22,0,3980,6,rq_xid:2022336909
2020-03-21 03:28:17.032469 ,nfsd_write,29,0,20480,off:0,fh:16: 01010001 0000072a 0034ac36 00000100 00000000 00000000,rq_xid:2022336909
2020-03-21 03:28:17.032473 ,nfsd_dispatch,35,0,rq_xid:2022336909,proc:7
2020-03-21 03:28:17.032819 ,nfsd_v3:do_nfsd_create,250,0,0,rq_xid:2022336910
2020-03-21 03:28:17.032830 ,nfsd_dispatch,262,0,rq_xid:2022336910,proc:8
2020-03-21 03:28:17.032909 ,nfsd3_proc_setattr,6,0,0,rq_xid:2022336911
2020-03-21 03:28:17.032912 ,nfsd_dispatch,10,0,rq_xid:2022336911,proc:2
2020-03-21 03:28:17.033071 ,nfsd_vfs_write:vfs_writev,16,0,6,rq_xid:2022336912
2020-03-21 03:28:17.033075 ,nfsd_write:nfsd_vfs_write,20,0,3980,6,rq_xid:2022336912
2020-03-21 03:28:17.033084 ,nfsd_write,32,0,20480,off:0,fh:16: 01010001 0000072a 0034ac37 00000100 00000000 00000000,rq_xid:2022336912
2020-03-21 03:28:17.033088 ,nfsd_dispatch,39,0,rq_xid:2022336912,proc:7
2020-03-21 03:28:17.033438 ,nfsd_v3:do_nfsd_create,255,0,0,rq_xid:2022336913
2020-03-21 03:28:17.033451 ,nfsd_dispatch,269,0,rq_xid:2022336913,proc:8
2020-03-21 03:28:17.033536 ,nfsd3_proc_setattr,7,0,0,rq_xid:2022336914
2020-03-21 03:28:17.033539 ,nfsd_dispatch,11,0,rq_xid:2022336914,proc:2
2020-03-21 03:28:17.033709 ,nfsd_vfs_write:vfs_writev,21,0,6,rq_xid:2022336915
2020-03-21 03:28:17.033714 ,nfsd_write:nfsd_vfs_write,27,0,3980,6,rq_xid:2022336915
2020-03-21 03:28:17.033719 ,nfsd_write,36,0,20480,off:0,fh:16: 01010001 0000072a 0034ac38 00000100 00000000 00000000,rq_xid:2022336915
2020-03-21 03:28:17.033724 ,nfsd_dispatch,44,0,rq_xid:2022336915,proc:7
2020-03-21 03:28:17.034113 ,nfsd_v3:do_nfsd_create,293,0,0,rq_xid:2022336916
2020-03-21 03:28:17.034125 ,nfsd_dispatch,305,0,rq_xid:2022336916,proc:8
2020-03-21 03:28:17.034209 ,nfsd3_proc_setattr,5,0,0,rq_xid:2022336917
2020-03-21 03:28:17.034212 ,nfsd_dispatch,10,0,rq_xid:2022336917,proc:2
2020-03-21 03:28:17.034381 ,nfsd_vfs_write:vfs_writev,18,0,6,rq_xid:2022336918
2020-03-21 03:28:17.034386 ,nfsd_write:nfsd_vfs_write,23,0,3980,6,rq_xid:2022336918
2020-03-21 03:28:17.034390 ,nfsd_write,32,0,20480,off:0,fh:16: 01010001 0000072a 0034ac39 00000100 00000000 00000000,rq_xid:2022336918
2020-03-21 03:28:17.034394 ,nfsd_dispatch,39,0,rq_xid:2022336918,proc:7
2020-03-21 03:28:17.034745 ,nfsd_v3:do_nfsd_create,251,0,0,rq_xid:2022336919
2020-03-21 03:28:17.034756 ,nfsd_dispatch,265,0,rq_xid:2022336919,proc:8
2020-03-21 03:28:17.034832 ,nfsd3_proc_setattr,5,0,0,rq_xid:2022336920
2020-03-21 03:28:17.034835 ,nfsd_dispatch,9,0,rq_xid:2022336920,proc:2
2020-03-21 03:28:17.034989 ,nfsd_vfs_write:vfs_writev,16,0,6,rq_xid:2022336921
2020-03-21 03:28:17.034993 ,nfsd_write:nfsd_vfs_write,20,0,3980,6,rq_xid:2022336921
2020-03-21 03:28:17.034997 ,nfsd_write,27,0,20480,off:0,fh:16: 01010001 0000072a 0034ac3a 00000100 00000000 00000000,rq_xid:2022336921
2020-03-21 03:28:17.035002 ,nfsd_dispatch,34,0,rq_xid:2022336921,proc:7
2020-03-21 03:28:17.035366 ,nfsd_v3:do_nfsd_create,264,0,0,rq_xid:2022336922
2020-03-21 03:28:17.035378 ,nfsd_dispatch,278,0,rq_xid:2022336922,proc:8
2020-03-21 03:28:17.035461 ,nfsd3_proc_setattr,6,0,0,rq_xid:2022336923
2020-03-21 03:28:17.035465 ,nfsd_dispatch,11,0,rq_xid:2022336923,proc:2
2020-03-21 03:28:17.035628 ,nfsd_vfs_write:vfs_writev,15,0,6,rq_xid:2022336924
2020-03-21 03:28:17.035632 ,nfsd_write:nfsd_vfs_write,19,0,3980,6,rq_xid:2022336924
2020-03-21 03:28:17.035637 ,nfsd_write,28,0,20480,off:0,fh:16: 01010001 0000072a 0034ac3b 00000100 00000000 00000000,rq_xid:2022336924
2020-03-21 03:28:17.035641 ,nfsd_dispatch,35,0,rq_xid:2022336924,proc:7
2020-03-21 03:28:17.036025 ,nfsd_v3:do_nfsd_create,255,0,0,rq_xid:2022336925
2020-03-21 03:28:17.036037 ,nfsd_dispatch,268,0,rq_xid:2022336925,proc:8
2020-03-21 03:28:17.036120 ,nfsd3_proc_setattr,6,0,0,rq_xid:2022336926
2020-03-21 03:28:17.036124 ,nfsd_dispatch,11,0,rq_xid:2022336926,proc:2
2020-03-21 03:28:17.036333 ,nfsd_vfs_write:vfs_writev,14,0,6,rq_xid:2022336927
2020-03-21 03:28:17.036337 ,nfsd_write:nfsd_vfs_write,18,0,3980,6,rq_xid:2022336927
2020-03-21 03:28:17.036341 ,nfsd_write,26,0,20480,off:0,fh:16: 01010001 0000072a 0034ac3c 00000100 00000000 00000000,rq_xid:2022336927
2020-03-21 03:28:17.036346 ,nfsd_dispatch,34,0,rq_xid:2022336927,proc:7
2020-03-21 03:28:17.036781 ,nfsd_v3:do_nfsd_create,253,0,0,rq_xid:2022336928
2020-03-21 03:28:17.036793 ,nfsd_dispatch,265,0,rq_xid:2022336928,proc:8
2020-03-21 03:28:17.036870 ,nfsd3_proc_setattr,6,0,0,rq_xid:2022336929
2020-03-21 03:28:17.036874 ,nfsd_dispatch,11,0,rq_xid:2022336929,proc:2
2020-03-21 03:28:17.037046 ,nfsd_vfs_write:vfs_writev,23,0,6,rq_xid:2022336930
2020-03-21 03:28:17.037051 ,nfsd_write:nfsd_vfs_write,29,0,3980,6,rq_xid:2022336930
2020-03-21 03:28:17.037056 ,nfsd_write,38,0,20480,off:0,fh:16: 01010001 0000072a 0034ac3d 00000100 00000000 00000000,rq_xid:2022336930
2020-03-21 03:28:17.037060 ,nfsd_dispatch,48,0,rq_xid:2022336930,proc:7
2020-03-21 03:28:17.037413 ,nfsd_v3:do_nfsd_create,261,0,0,rq_xid:2022336931
2020-03-21 03:28:17.037425 ,nfsd_dispatch,274,0,rq_xid:2022336931,proc:8
2020-03-21 03:28:17.037503 ,nfsd3_proc_setattr,6,0,0,rq_xid:2022336932
2020-03-21 03:28:17.037507 ,nfsd_dispatch,10,0,rq_xid:2022336932,proc:2
2020-03-21 03:28:17.037669 ,nfsd_vfs_write:vfs_writev,14,0,6,rq_xid:2022336933
2020-03-21 03:28:17.037674 ,nfsd_write:nfsd_vfs_write,19,0,3980,6,rq_xid:2022336933
2020-03-21 03:28:17.037678 ,nfsd_write,27,0,20480,off:0,fh:16: 01010001 0000072a 0034ac3e 00000100 00000000 00000000,rq_xid:2022336933
2020-03-21 03:28:17.037682 ,nfsd_dispatch,35,0,rq_xid:2022336933,proc:7
2020-03-21 03:28:17.038071 ,nfsd_v3:do_nfsd_create,298,0,0,rq_xid:2022336934
2020-03-21 03:28:17.038087 ,nfsd_dispatch,316,0,rq_xid:2022336934,proc:8
2020-03-21 03:28:17.038164 ,nfsd3_proc_setattr,6,0,0,rq_xid:2022336935
2020-03-21 03:28:17.038168 ,nfsd_dispatch,11,0,rq_xid:2022336935,proc:2
2020-03-21 03:28:17.038328 ,nfsd_vfs_write:vfs_writev,15,0,6,rq_xid:2022336936
2020-03-21 03:28:17.038333 ,nfsd_write:nfsd_vfs_write,21,0,3980,6,rq_xid:2022336936
2020-03-21 03:28:17.038337 ,nfsd_write,27,0,20480,off:0,fh:16: 01010001 0000072a 0034ac3f 00000100 00000000 00000000,rq_xid:2022336936
2020-03-21 03:28:17.038341 ,nfsd_dispatch,34,0,rq_xid:2022336936,proc:7
2020-03-21 03:28:17.039752 ,nfsd_v3:do_nfsd_create,1324,0,0,rq_xid:2022336937
2020-03-21 03:28:17.039765 ,nfsd_dispatch,1337,0,rq_xid:2022336937,proc:8
2020-03-21 03:28:17.039846 ,nfsd3_proc_setattr,6,0,0,rq_xid:2022336938
2020-03-21 03:28:17.039850 ,nfsd_dispatch,11,0,rq_xid:2022336938,proc:2
2020-03-21 03:28:17.040025 ,nfsd_vfs_write:vfs_writev,22,0,6,rq_xid:2022336939
2020-03-21 03:28:17.040030 ,nfsd_write:nfsd_vfs_write,28,0,3980,6,rq_xid:2022336939
2020-03-21 03:28:17.040034 ,nfsd_write,36,0,20480,off:0,fh:16: 01010001 0000072a 0034ac40 00000100 00000000 00000000,rq_xid:2022336939
2020-03-21 03:28:17.040039 ,nfsd_dispatch,45,0,rq_xid:2022336939,proc:7
2020-03-21 03:28:17.040421 ,nfsd_v3:do_nfsd_create,286,0,0,rq_xid:2022336940
2020-03-21 03:28:17.040435 ,nfsd_dispatch,301,0,rq_xid:2022336940,proc:8
2020-03-21 03:28:17.040516 ,nfsd3_proc_setattr,7,0,0,rq_xid:2022336941
2020-03-21 03:28:17.040520 ,nfsd_dispatch,12,0,rq_xid:2022336941,proc:2
2020-03-21 03:28:17.040681 ,nfsd_vfs_write:vfs_writev,16,0,6,rq_xid:2022336942
2020-03-21 03:28:17.040686 ,nfsd_write:nfsd_vfs_write,22,0,3980,6,rq_xid:2022336942
2020-03-21 03:28:17.040690 ,nfsd_write,31,0,20480,off:0,fh:16: 01010001 0000072a 0034ac41 00000100 00000000 00000000,rq_xid:2022336942
2020-03-21 03:28:17.040694 ,nfsd_dispatch,40,0,rq_xid:2022336942,proc:7
2020-03-21 03:28:17.041046 ,nfsd_v3:do_nfsd_create,260,0,0,rq_xid:2022336943
2020-03-21 03:28:17.041058 ,nfsd_dispatch,272,0,rq_xid:2022336943,proc:8
2020-03-21 03:28:17.041139 ,nfsd3_proc_setattr,7,0,0,rq_xid:2022336944
2020-03-21 03:28:17.041143 ,nfsd_dispatch,13,0,rq_xid:2022336944,proc:2
2020-03-21 03:28:17.041311 ,nfsd_vfs_write:vfs_writev,21,0,6,rq_xid:2022336945
2020-03-21 03:28:17.041316 ,nfsd_write:nfsd_vfs_write,26,0,3980,6,rq_xid:2022336945
2020-03-21 03:28:17.041320 ,nfsd_write,35,0,20480,off:0,fh:16: 01010001 0000072a 0034ac42 00000100 00000000 00000000,rq_xid:2022336945
2020-03-21 03:28:17.041324 ,nfsd_dispatch,43,0,rq_xid:2022336945,proc:7
2020-03-21 03:28:17.041685 ,nfsd_v3:do_nfsd_create,267,0,0,rq_xid:2022336946
2020-03-21 03:28:17.041696 ,nfsd_dispatch,280,0,rq_xid:2022336946,proc:8
2020-03-21 03:28:17.041775 ,nfsd3_proc_setattr,6,0,0,rq_xid:2022336947
2020-03-21 03:28:17.041778 ,nfsd_dispatch,10,0,rq_xid:2022336947,proc:2
2020-03-21 03:28:17.041935 ,nfsd_vfs_write:vfs_writev,17,0,6,rq_xid:2022336948
2020-03-21 03:28:17.041939 ,nfsd_write:nfsd_vfs_write,21,0,3980,6,rq_xid:2022336948
2020-03-21 03:28:17.041944 ,nfsd_write,29,0,20480,off:0,fh:16: 01010001 0000072a 0034ac43 00000100 00000000 00000000,rq_xid:2022336948
2020-03-21 03:28:17.041948 ,nfsd_dispatch,36,0,rq_xid:2022336948,proc:7
2020-03-21 03:28:17.042299 ,nfsd_v3:do_nfsd_create,261,0,0,rq_xid:2022336949
2020-03-21 03:28:17.042311 ,nfsd_dispatch,273,0,rq_xid:2022336949,proc:8
2020-03-21 03:28:17.042385 ,nfsd3_proc_setattr,5,0,0,rq_xid:2022336950
2020-03-21 03:28:17.042389 ,nfsd_dispatch,10,0,rq_xid:2022336950,proc:2
2020-03-21 03:28:17.042554 ,nfsd_vfs_write:vfs_writev,17,0,6,rq_xid:2022336951
2020-03-21 03:28:17.042558 ,nfsd_write:nfsd_vfs_write,21,0,3980,6,rq_xid:2022336951
2020-03-21 03:28:17.042562 ,nfsd_write,27,0,20480,off:0,fh:16: 01010001 0000072a 0034ac44 00000100 00000000 00000000,rq_xid:2022336951
2020-03-21 03:28:17.042566 ,nfsd_dispatch,34,0,rq_xid:2022336951,proc:7
2020-03-21 03:28:17.042903 ,nfsd_v3:do_nfsd_create,239,0,0,rq_xid:2022336952
2020-03-21 03:28:17.042914 ,nfsd_dispatch,251,0,rq_xid:2022336952,proc:8
2020-03-21 03:28:17.042987 ,nfsd3_proc_setattr,5,0,0,rq_xid:2022336953
2020-03-21 03:28:17.042990 ,nfsd_dispatch,9,0,rq_xid:2022336953,proc:2
2020-03-21 03:28:17.043164 ,nfsd_vfs_write:vfs_writev,21,0,6,rq_xid:2022336954
2020-03-21 03:28:17.043170 ,nfsd_write:nfsd_vfs_write,26,0,3980,6,rq_xid:2022336954
2020-03-21 03:28:17.043174 ,nfsd_write,36,0,20480,off:0,fh:16: 01010001 0000072a 0034ac45 00000100 00000000 00000000,rq_xid:2022336954
2020-03-21 03:28:17.043179 ,nfsd_dispatch,44,0,rq_xid:2022336954,proc:7
2020-03-21 03:28:17.043509 ,nfsd_v3:do_nfsd_create,235,0,0,rq_xid:2022336955
2020-03-21 03:28:17.043519 ,nfsd_dispatch,247,0,rq_xid:2022336955,proc:8
2020-03-21 03:28:17.043595 ,nfsd3_proc_setattr,5,0,0,rq_xid:2022336956
2020-03-21 03:28:17.043599 ,nfsd_dispatch,10,0,rq_xid:2022336956,proc:2
2020-03-21 03:28:17.043764 ,nfsd_vfs_write:vfs_writev,18,0,6,rq_xid:2022336957
2020-03-21 03:28:17.043768 ,nfsd_write:nfsd_vfs_write,22,0,3980,6,rq_xid:2022336957
2020-03-21 03:28:17.043772 ,nfsd_write,29,0,20480,off:0,fh:16: 01010001 0000072a 0034ac46 00000100 00000000 00000000,rq_xid:2022336957
2020-03-21 03:28:17.043776 ,nfsd_dispatch,35,0,rq_xid:2022336957,proc:7
2020-03-21 03:28:17.044151 ,nfsd_v3:do_nfsd_create,259,0,0,rq_xid:2022336958
2020-03-21 03:28:17.044162 ,nfsd_dispatch,271,0,rq_xid:2022336958,proc:8
2020-03-21 03:28:17.044235 ,nfsd3_proc_setattr,5,0,0,rq_xid:2022336959
2020-03-21 03:28:17.044238 ,nfsd_dispatch,9,0,rq_xid:2022336959,proc:2
2020-03-21 03:28:17.044410 ,nfsd_vfs_write:vfs_writev,20,0,6,rq_xid:2022336960
2020-03-21 03:28:17.044415 ,nfsd_write:nfsd_vfs_write,25,0,3980,6,rq_xid:2022336960
2020-03-21 03:28:17.044420 ,nfsd_write,35,0,20480,off:0,fh:16: 01010001 0000072a 0034ac47 00000100 00000000 00000000,rq_xid:2022336960
2020-03-21 03:28:17.044425 ,nfsd_dispatch,44,0,rq_xid:2022336960,proc:7
2020-03-21 03:28:17.044786 ,nfsd_v3:do_nfsd_create,262,0,0,rq_xid:2022336961
2020-03-21 03:28:17.044798 ,nfsd_dispatch,276,0,rq_xid:2022336961,proc:8
2020-03-21 03:28:17.044875 ,nfsd3_proc_setattr,7,0,0,rq_xid:2022336962
2020-03-21 03:28:17.044879 ,nfsd_dispatch,13,0,rq_xid:2022336962,proc:2
2020-03-21 03:28:17.045045 ,nfsd_vfs_write:vfs_writev,22,0,6,rq_xid:2022336963
2020-03-21 03:28:17.045050 ,nfsd_write:nfsd_vfs_write,27,0,3980,6,rq_xid:2022336963
2020-03-21 03:28:17.045054 ,nfsd_write,34,0,20480,off:0,fh:16: 01010001 0000072a 0034ac48 00000100 00000000 00000000,rq_xid:2022336963
2020-03-21 03:28:17.045058 ,nfsd_dispatch,41,0,rq_xid:2022336963,proc:7
2020-03-21 03:28:17.045392 ,nfsd_v3:do_nfsd_create,235,0,0,rq_xid:2022336964
2020-03-21 03:28:17.045404 ,nfsd_dispatch,249,0,rq_xid:2022336964,proc:8
2020-03-21 03:28:17.045480 ,nfsd3_proc_setattr,7,0,0,rq_xid:2022336965
2020-03-21 03:28:17.045484 ,nfsd_dispatch,11,0,rq_xid:2022336965,proc:2
2020-03-21 03:28:17.045648 ,nfsd_vfs_write:vfs_writev,21,0,6,rq_xid:2022336966
2020-03-21 03:28:17.045653 ,nfsd_write:nfsd_vfs_write,25,0,3980,6,rq_xid:2022336966
2020-03-21 03:28:17.045657 ,nfsd_write,33,0,20480,off:0,fh:16: 01010001 0000072a 0034ac49 00000100 00000000 00000000,rq_xid:2022336966
2020-03-21 03:28:17.045661 ,nfsd_dispatch,40,0,rq_xid:2022336966,proc:7
2020-03-21 03:28:17.045982 ,nfsd_v3:do_nfsd_create,229,0,0,rq_xid:2022336967
2020-03-21 03:28:17.045994 ,nfsd_dispatch,242,0,rq_xid:2022336967,proc:8
2020-03-21 03:28:17.046068 ,nfsd3_proc_setattr,6,0,0,rq_xid:2022336968
2020-03-21 03:28:17.046072 ,nfsd_dispatch,12,0,rq_xid:2022336968,proc:2
2020-03-21 03:28:17.046242 ,nfsd_vfs_write:vfs_writev,19,0,6,rq_xid:2022336969
2020-03-21 03:28:17.046247 ,nfsd_write:nfsd_vfs_write,24,0,3980,6,rq_xid:2022336969
2020-03-21 03:28:17.046251 ,nfsd_write,31,0,20480,off:0,fh:16: 01010001 0000072a 0034ac4a 00000100 00000000 00000000,rq_xid:2022336969
2020-03-21 03:28:17.046255 ,nfsd_dispatch,38,0,rq_xid:2022336969,proc:7
2020-03-21 03:28:17.046573 ,nfsd_v3:do_nfsd_create,227,0,0,rq_xid:2022336970
2020-03-21 03:28:17.046584 ,nfsd_dispatch,239,0,rq_xid:2022336970,proc:8
2020-03-21 03:28:17.046660 ,nfsd3_proc_setattr,7,0,0,rq_xid:2022336971
2020-03-21 03:28:17.046664 ,nfsd_dispatch,11,0,rq_xid:2022336971,proc:2
2020-03-21 03:28:17.046833 ,nfsd_vfs_write:vfs_writev,17,0,6,rq_xid:2022336972
2020-03-21 03:28:17.046838 ,nfsd_write:nfsd_vfs_write,21,0,3980,6,rq_xid:2022336972
2020-03-21 03:28:17.046841 ,nfsd_write,30,0,20480,off:0,fh:16: 01010001 0000072a 0034ac4b 00000100 00000000 00000000,rq_xid:2022336972
2020-03-21 03:28:17.046846 ,nfsd_dispatch,37,0,rq_xid:2022336972,proc:7
2020-03-21 03:28:17.047175 ,nfsd_v3:do_nfsd_create,239,0,0,rq_xid:2022336973
2020-03-21 03:28:17.047188 ,nfsd_dispatch,253,0,rq_xid:2022336973,proc:8
2020-03-21 03:28:17.047265 ,nfsd3_proc_setattr,5,0,0,rq_xid:2022336974
2020-03-21 03:28:17.047268 ,nfsd_dispatch,11,0,rq_xid:2022336974,proc:2
2020-03-21 03:28:17.047425 ,nfsd_vfs_write:vfs_writev,22,0,6,rq_xid:2022336975
2020-03-21 03:28:17.047429 ,nfsd_write:nfsd_vfs_write,27,0,3980,6,rq_xid:2022336975
2020-03-21 03:28:17.047433 ,nfsd_write,34,0,20480,off:0,fh:16: 01010001 0000072a 0034ac4c 00000100 00000000 00000000,rq_xid:2022336975
2020-03-21 03:28:17.047437 ,nfsd_dispatch,41,0,rq_xid:2022336975,proc:7
2020-03-21 03:28:17.047755 ,nfsd_v3:do_nfsd_create,223,0,0,rq_xid:2022336976
2020-03-21 03:28:17.047766 ,nfsd_dispatch,236,0,rq_xid:2022336976,proc:8
2020-03-21 03:28:17.047838 ,nfsd3_proc_setattr,5,0,0,rq_xid:2022336977
2020-03-21 03:28:17.047842 ,nfsd_dispatch,9,0,rq_xid:2022336977,proc:2
2020-03-21 03:28:17.047998 ,nfsd_vfs_write:vfs_writev,17,0,6,rq_xid:2022336978
2020-03-21 03:28:17.048002 ,nfsd_write:nfsd_vfs_write,22,0,3980,6,rq_xid:2022336978
2020-03-21 03:28:17.048006 ,nfsd_write,28,0,20480,off:0,fh:16: 01010001 0000072a 0034ac4d 00000100 00000000 00000000,rq_xid:2022336978
2020-03-21 03:28:17.048010 ,nfsd_dispatch,35,0,rq_xid:2022336978,proc:7
2020-03-21 03:28:17.048351 ,nfsd_v3:do_nfsd_create,252,0,0,rq_xid:2022336979
2020-03-21 03:28:17.048362 ,nfsd_dispatch,264,0,rq_xid:2022336979,proc:8
2020-03-21 03:28:17.048442 ,nfsd3_proc_setattr,8,0,0,rq_xid:2022336980
2020-03-21 03:28:17.048447 ,nfsd_dispatch,14,0,rq_xid:2022336980,proc:2
2020-03-21 03:28:17.048613 ,nfsd_vfs_write:vfs_writev,17,0,6,rq_xid:2022336981
2020-03-21 03:28:17.048617 ,nfsd_write:nfsd_vfs_write,22,0,3980,6,rq_xid:2022336981
2020-03-21 03:28:17.048621 ,nfsd_write,31,0,20480,off:0,fh:16: 01010001 0000072a 0034ac4e 00000100 00000000 00000000,rq_xid:2022336981
2020-03-21 03:28:17.048626 ,nfsd_dispatch,38,0,rq_xid:2022336981,proc:7
2020-03-21 03:28:17.048988 ,nfsd_v3:do_nfsd_create,264,0,0,rq_xid:2022336982
2020-03-21 03:28:17.049000 ,nfsd_dispatch,279,0,rq_xid:2022336982,proc:8
2020-03-21 03:28:17.049086 ,nfsd3_proc_setattr,15,0,0,rq_xid:2022336983
2020-03-21 03:28:17.049090 ,nfsd_dispatch,19,0,rq_xid:2022336983,proc:2
2020-03-21 03:28:17.049258 ,nfsd_vfs_write:vfs_writev,20,0,6,rq_xid:2022336984
2020-03-21 03:28:17.049263 ,nfsd_write:nfsd_vfs_write,24,0,3980,6,rq_xid:2022336984
2020-03-21 03:28:17.049267 ,nfsd_write,33,0,20480,off:0,fh:16: 01010001 0000072a 0034ac4f 00000100 00000000 00000000,rq_xid:2022336984
2020-03-21 03:28:17.049271 ,nfsd_dispatch,40,0,rq_xid:2022336984,proc:7
2020-03-21 03:28:17.049642 ,nfsd_v3:do_nfsd_create,245,0,0,rq_xid:2022336985
2020-03-21 03:28:17.049652 ,nfsd_dispatch,257,0,rq_xid:2022336985,proc:8
2020-03-21 03:28:17.049730 ,nfsd3_proc_setattr,6,0,0,rq_xid:2022336986
2020-03-21 03:28:17.049733 ,nfsd_dispatch,9,0,rq_xid:2022336986,proc:2
2020-03-21 03:28:17.049890 ,nfsd_vfs_write:vfs_writev,18,0,6,rq_xid:2022336987
2020-03-21 03:28:17.049895 ,nfsd_write:nfsd_vfs_write,22,0,3980,6,rq_xid:2022336987
2020-03-21 03:28:17.049899 ,nfsd_write,30,0,20480,off:0,fh:16: 01010001 0000072a 0034ac50 00000100 00000000 00000000,rq_xid:2022336987
2020-03-21 03:28:17.049903 ,nfsd_dispatch,37,0,rq_xid:2022336987,proc:7
2020-03-21 03:28:17.050354 ,nfsd_v3:do_nfsd_create,291,0,0,rq_xid:2022336988
2020-03-21 03:28:17.050366 ,nfsd_dispatch,304,0,rq_xid:2022336988,proc:8
2020-03-21 03:28:17.050448 ,nfsd3_proc_setattr,8,0,0,rq_xid:2022336989
2020-03-21 03:28:17.050452 ,nfsd_dispatch,13,0,rq_xid:2022336989,proc:2
2020-03-21 03:28:17.050626 ,nfsd_vfs_write:vfs_writev,17,0,6,rq_xid:2022336990
2020-03-21 03:28:17.050630 ,nfsd_write:nfsd_vfs_write,21,0,3980,6,rq_xid:2022336990
2020-03-21 03:28:17.050634 ,nfsd_write,27,0,20480,off:0,fh:16: 01010001 0000072a 0034ac51 00000100 00000000 00000000,rq_xid:2022336990
2020-03-21 03:28:17.050638 ,nfsd_dispatch,34,0,rq_xid:2022336990,proc:7
2020-03-21 03:28:17.050976 ,nfsd_v3:do_nfsd_create,247,0,0,rq_xid:2022336991
2020-03-21 03:28:17.050990 ,nfsd_dispatch,263,0,rq_xid:2022336991,proc:8
2020-03-21 03:28:17.051075 ,nfsd3_proc_setattr,7,0,0,rq_xid:2022336992
2020-03-21 03:28:17.051084 ,nfsd_dispatch,17,0,rq_xid:2022336992,proc:2
2020-03-21 03:28:17.051272 ,nfsd_vfs_write:vfs_writev,19,0,6,rq_xid:2022336993
2020-03-21 03:28:17.051277 ,nfsd_write:nfsd_vfs_write,25,0,3980,6,rq_xid:2022336993
2020-03-21 03:28:17.051282 ,nfsd_write,35,0,20480,off:0,fh:16: 01010001 0000072a 0034ac52 00000100 00000000 00000000,rq_xid:2022336993
2020-03-21 03:28:17.051286 ,nfsd_dispatch,49,0,rq_xid:2022336993,proc:7
2020-03-21 03:28:17.051657 ,nfsd_v3:do_nfsd_create,267,0,0,rq_xid:2022336994
2020-03-21 03:28:17.051669 ,nfsd_dispatch,280,0,rq_xid:2022336994,proc:8
2020-03-21 03:28:17.051759 ,nfsd3_proc_setattr,8,0,0,rq_xid:2022336995
2020-03-21 03:28:17.051762 ,nfsd_dispatch,12,0,rq_xid:2022336995,proc:2
2020-03-21 03:28:17.051927 ,nfsd_vfs_write:vfs_writev,20,0,6,rq_xid:2022336996
2020-03-21 03:28:17.051932 ,nfsd_write:nfsd_vfs_write,25,0,3980,6,rq_xid:2022336996
2020-03-21 03:28:17.051937 ,nfsd_write,33,0,20480,off:0,fh:16: 01010001 0000072a 0034ac53 00000100 00000000 00000000,rq_xid:2022336996
2020-03-21 03:28:17.051941 ,nfsd_dispatch,41,0,rq_xid:2022336996,proc:7
2020-03-21 03:28:17.052270 ,nfsd_v3:do_nfsd_create,241,0,0,rq_xid:2022336997
2020-03-21 03:28:17.052281 ,nfsd_dispatch,254,0,rq_xid:2022336997,proc:8
2020-03-21 03:28:17.052361 ,nfsd3_proc_setattr,7,0,0,rq_xid:2022336998
2020-03-21 03:28:17.052364 ,nfsd_dispatch,11,0,rq_xid:2022336998,proc:2
2020-03-21 03:28:17.052532 ,nfsd_vfs_write:vfs_writev,19,0,6,rq_xid:2022336999
2020-03-21 03:28:17.052536 ,nfsd_write:nfsd_vfs_write,24,0,3980,6,rq_xid:2022336999
2020-03-21 03:28:17.052541 ,nfsd_write,33,0,20480,off:0,fh:16: 01010001 0000072a 0034ac54 00000100 00000000 00000000,rq_xid:2022336999
2020-03-21 03:28:17.052545 ,nfsd_dispatch,42,0,rq_xid:2022336999,proc:7
2020-03-21 03:28:17.052876 ,nfsd_v3:do_nfsd_create,242,0,0,rq_xid:2022337000
2020-03-21 03:28:17.052888 ,nfsd_dispatch,255,0,rq_xid:2022337000,proc:8
2020-03-21 03:28:17.052964 ,nfsd3_proc_setattr,7,0,0,rq_xid:2022337001
2020-03-21 03:28:17.052967 ,nfsd_dispatch,11,0,rq_xid:2022337001,proc:2
2020-03-21 03:28:17.053132 ,nfsd_vfs_write:vfs_writev,19,0,6,rq_xid:2022337002
2020-03-21 03:28:17.053137 ,nfsd_write:nfsd_vfs_write,23,0,3980,6,rq_xid:2022337002
2020-03-21 03:28:17.053141 ,nfsd_write,31,0,20480,off:0,fh:16: 01010001 0000072a 0034ac55 00000100 00000000 00000000,rq_xid:2022337002
2020-03-21 03:28:17.053145 ,nfsd_dispatch,38,0,rq_xid:2022337002,proc:7
2020-03-21 03:28:17.053472 ,nfsd_v3:do_nfsd_create,242,0,0,rq_xid:2022337003
2020-03-21 03:28:17.053483 ,nfsd_dispatch,254,0,rq_xid:2022337003,proc:8
2020-03-21 03:28:17.053560 ,nfsd3_proc_setattr,6,0,0,rq_xid:2022337004
2020-03-21 03:28:17.053564 ,nfsd_dispatch,11,0,rq_xid:2022337004,proc:2
2020-03-21 03:28:17.053720 ,nfsd_vfs_write:vfs_writev,20,0,6,rq_xid:2022337005
2020-03-21 03:28:17.053724 ,nfsd_write:nfsd_vfs_write,25,0,3980,6,rq_xid:2022337005
2020-03-21 03:28:17.053728 ,nfsd_write,33,0,20480,off:0,fh:16: 01010001 0000072a 0034ac56 00000100 00000000 00000000,rq_xid:2022337005
2020-03-21 03:28:17.053733 ,nfsd_dispatch,39,0,rq_xid:2022337005,proc:7
2020-03-21 03:28:17.054064 ,nfsd_v3:do_nfsd_create,234,0,0,rq_xid:2022337006
2020-03-21 03:28:17.054075 ,nfsd_dispatch,247,0,rq_xid:2022337006,proc:8
2020-03-21 03:28:17.054158 ,nfsd3_proc_setattr,6,0,0,rq_xid:2022337007
2020-03-21 03:28:17.054162 ,nfsd_dispatch,11,0,rq_xid:2022337007,proc:2
2020-03-21 03:28:17.054332 ,nfsd_vfs_write:vfs_writev,19,0,6,rq_xid:2022337008
2020-03-21 03:28:17.054337 ,nfsd_write:nfsd_vfs_write,25,0,3980,6,rq_xid:2022337008
2020-03-21 03:28:17.054342 ,nfsd_write,34,0,20480,off:0,fh:16: 01010001 0000072a 0034ac57 00000100 00000000 00000000,rq_xid:2022337008
2020-03-21 03:28:17.054346 ,nfsd_dispatch,42,0,rq_xid:2022337008,proc:7
2020-03-21 03:28:17.054729 ,nfsd_v3:do_nfsd_create,294,0,0,rq_xid:2022337009
2020-03-21 03:28:17.054740 ,nfsd_dispatch,307,0,rq_xid:2022337009,proc:8
2020-03-21 03:28:17.054825 ,nfsd3_proc_setattr,7,0,0,rq_xid:2022337010
2020-03-21 03:28:17.054829 ,nfsd_dispatch,12,0,rq_xid:2022337010,proc:2
2020-03-21 03:28:17.055011 ,nfsd_vfs_write:vfs_writev,19,0,6,rq_xid:2022337011
2020-03-21 03:28:17.055016 ,nfsd_write:nfsd_vfs_write,24,0,3980,6,rq_xid:2022337011
2020-03-21 03:28:17.055021 ,nfsd_write,33,0,20480,off:0,fh:16: 01010001 0000072a 0034ac58 00000100 00000000 00000000,rq_xid:2022337011
2020-03-21 03:28:17.055025 ,nfsd_dispatch,40,0,rq_xid:2022337011,proc:7
2020-03-21 03:28:17.055457 ,nfsd_v3:do_nfsd_create,313,0,0,rq_xid:2022337012
2020-03-21 03:28:17.055469 ,nfsd_dispatch,327,0,rq_xid:2022337012,proc:8
2020-03-21 03:28:17.055548 ,nfsd3_proc_setattr,7,0,0,rq_xid:2022337013
2020-03-21 03:28:17.055553 ,nfsd_dispatch,11,0,rq_xid:2022337013,proc:2
2020-03-21 03:28:17.055715 ,nfsd_vfs_write:vfs_writev,21,0,6,rq_xid:2022337014
2020-03-21 03:28:17.055720 ,nfsd_write:nfsd_vfs_write,26,0,3980,6,rq_xid:2022337014
2020-03-21 03:28:17.055724 ,nfsd_write,35,0,20480,off:0,fh:16: 01010001 0000072a 0034ac59 00000100 00000000 00000000,rq_xid:2022337014
2020-03-21 03:28:17.055729 ,nfsd_dispatch,42,0,rq_xid:2022337014,proc:7
2020-03-21 03:28:17.056102 ,nfsd_v3:do_nfsd_create,283,0,0,rq_xid:2022337015
2020-03-21 03:28:17.056112 ,nfsd_dispatch,294,0,rq_xid:2022337015,proc:8
2020-03-21 03:28:17.056186 ,nfsd3_proc_setattr,5,0,0,rq_xid:2022337016
2020-03-21 03:28:17.056190 ,nfsd_dispatch,10,0,rq_xid:2022337016,proc:2
2020-03-21 03:28:17.056344 ,nfsd_vfs_write:vfs_writev,21,0,6,rq_xid:2022337017
2020-03-21 03:28:17.056348 ,nfsd_write:nfsd_vfs_write,25,0,3980,6,rq_xid:2022337017
2020-03-21 03:28:17.056353 ,nfsd_write,33,0,20480,off:0,fh:16: 01010001 0000072a 0034ac5a 00000100 00000000 00000000,rq_xid:2022337017
2020-03-21 03:28:17.056357 ,nfsd_dispatch,40,0,rq_xid:2022337017,proc:7
2020-03-21 03:28:17.056698 ,nfsd_v3:do_nfsd_create,252,0,0,rq_xid:2022337018
2020-03-21 03:28:17.056708 ,nfsd_dispatch,262,0,rq_xid:2022337018,proc:8
2020-03-21 03:28:17.056777 ,nfsd3_proc_setattr,5,0,0,rq_xid:2022337019
2020-03-21 03:28:17.056780 ,nfsd_dispatch,9,0,rq_xid:2022337019,proc:2
2020-03-21 03:28:17.056939 ,nfsd_vfs_write:vfs_writev,17,0,6,rq_xid:2022337020
2020-03-21 03:28:17.056943 ,nfsd_write:nfsd_vfs_write,21,0,3980,6,rq_xid:2022337020
2020-03-21 03:28:17.056948 ,nfsd_write,29,0,20480,off:0,fh:16: 01010001 0000072a 0034ac5b 00000100 00000000 00000000,rq_xid:2022337020
2020-03-21 03:28:17.056952 ,nfsd_dispatch,35,0,rq_xid:2022337020,proc:7
2020-03-21 03:28:17.057268 ,nfsd_v3:do_nfsd_create,233,0,0,rq_xid:2022337021
2020-03-21 03:28:17.057278 ,nfsd_dispatch,243,0,rq_xid:2022337021,proc:8
2020-03-21 03:28:17.057347 ,nfsd3_proc_setattr,5,0,0,rq_xid:2022337022
2020-03-21 03:28:17.057351 ,nfsd_dispatch,10,0,rq_xid:2022337022,proc:2
2020-03-21 03:28:17.057512 ,nfsd_vfs_write:vfs_writev,18,0,6,rq_xid:2022337023
2020-03-21 03:28:17.057516 ,nfsd_write:nfsd_vfs_write,22,0,3980,6,rq_xid:2022337023
2020-03-21 03:28:17.057520 ,nfsd_write,29,0,20480,off:0,fh:16: 01010001 0000072a 0034ac5c 00000100 00000000 00000000,rq_xid:2022337023
2020-03-21 03:28:17.057525 ,nfsd_dispatch,35,0,rq_xid:2022337023,proc:7
2020-03-21 03:28:17.057833 ,nfsd_v3:do_nfsd_create,224,0,0,rq_xid:2022337024
2020-03-21 03:28:17.057843 ,nfsd_dispatch,235,0,rq_xid:2022337024,proc:8
2020-03-21 03:28:17.057910 ,nfsd3_proc_setattr,5,0,0,rq_xid:2022337025
2020-03-21 03:28:17.057914 ,nfsd_dispatch,10,0,rq_xid:2022337025,proc:2
2020-03-21 03:28:17.058073 ,nfsd_vfs_write:vfs_writev,19,0,6,rq_xid:2022337026
2020-03-21 03:28:17.058082 ,nfsd_write:nfsd_vfs_write,27,0,3980,6,rq_xid:2022337026
2020-03-21 03:28:17.058086 ,nfsd_write,35,0,20480,off:0,fh:16: 01010001 0000072a 0034ac5d 00000100 00000000 00000000,rq_xid:2022337026
2020-03-21 03:28:17.058090 ,nfsd_dispatch,42,0,rq_xid:2022337026,proc:7
2020-03-21 03:28:17.058398 ,nfsd_v3:do_nfsd_create,221,0,0,rq_xid:2022337027
2020-03-21 03:28:17.058408 ,nfsd_dispatch,232,0,rq_xid:2022337027,proc:8
2020-03-21 03:28:17.058483 ,nfsd3_proc_setattr,5,0,0,rq_xid:2022337028
2020-03-21 03:28:17.058486 ,nfsd_dispatch,10,0,rq_xid:2022337028,proc:2
2020-03-21 03:28:17.058644 ,nfsd_vfs_write:vfs_writev,17,0,6,rq_xid:2022337029
2020-03-21 03:28:17.058649 ,nfsd_write:nfsd_vfs_write,23,0,3980,6,rq_xid:2022337029
2020-03-21 03:28:17.058653 ,nfsd_write,29,0,20480,off:0,fh:16: 01010001 0000072a 0034ac5e 00000100 00000000 00000000,rq_xid:2022337029
2020-03-21 03:28:17.058657 ,nfsd_dispatch,36,0,rq_xid:2022337029,proc:7
2020-03-21 03:28:17.058992 ,nfsd_v3:do_nfsd_create,249,0,0,rq_xid:2022337030
2020-03-21 03:28:17.059001 ,nfsd_dispatch,260,0,rq_xid:2022337030,proc:8
2020-03-21 03:28:17.059089 ,nfsd3_proc_setattr,6,0,0,rq_xid:2022337031
2020-03-21 03:28:17.059093 ,nfsd_dispatch,16,0,rq_xid:2022337031,proc:2
2020-03-21 03:28:17.059251 ,nfsd_vfs_write:vfs_writev,17,0,6,rq_xid:2022337032
2020-03-21 03:28:17.059256 ,nfsd_write:nfsd_vfs_write,22,0,3980,6,rq_xid:2022337032
2020-03-21 03:28:17.059260 ,nfsd_write,30,0,20480,off:0,fh:16: 01010001 0000072a 0034ac5f 00000100 00000000 00000000,rq_xid:2022337032
2020-03-21 03:28:17.059265 ,nfsd_dispatch,36,0,rq_xid:2022337032,proc:7
2020-03-21 03:28:17.059577 ,nfsd_v3:do_nfsd_create,215,0,0,rq_xid:2022337033
2020-03-21 03:28:17.059587 ,nfsd_dispatch,226,0,rq_xid:2022337033,proc:8
2020-03-21 03:28:17.059663 ,nfsd3_proc_setattr,5,0,0,rq_xid:2022337034
2020-03-21 03:28:17.059666 ,nfsd_dispatch,9,0,rq_xid:2022337034,proc:2
2020-03-21 03:28:17.059824 ,nfsd_vfs_write:vfs_writev,19,0,6,rq_xid:2022337035
2020-03-21 03:28:17.059829 ,nfsd_write:nfsd_vfs_write,23,0,3980,6,rq_xid:2022337035
2020-03-21 03:28:17.059833 ,nfsd_write,30,0,20480,off:0,fh:16: 01010001 0000072a 0034ac60 00000100 00000000 00000000,rq_xid:2022337035
2020-03-21 03:28:17.059837 ,nfsd_dispatch,37,0,rq_xid:2022337035,proc:7
2020-03-21 03:28:17.060188 ,nfsd_v3:do_nfsd_create,222,0,0,rq_xid:2022337036
2020-03-21 03:28:17.060199 ,nfsd_dispatch,234,0,rq_xid:2022337036,proc:8
2020-03-21 03:28:17.060275 ,nfsd3_proc_setattr,6,0,0,rq_xid:2022337037
2020-03-21 03:28:17.060279 ,nfsd_dispatch,11,0,rq_xid:2022337037,proc:2
2020-03-21 03:28:17.060436 ,nfsd_vfs_write:vfs_writev,18,0,6,rq_xid:2022337038
2020-03-21 03:28:17.060440 ,nfsd_write:nfsd_vfs_write,22,0,3980,6,rq_xid:2022337038
2020-03-21 03:28:17.060444 ,nfsd_write,29,0,20480,off:0,fh:16: 01010001 0000072a 0034ac61 00000100 00000000 00000000,rq_xid:2022337038
2020-03-21 03:28:17.060449 ,nfsd_dispatch,35,0,rq_xid:2022337038,proc:7
2020-03-21 03:28:17.060770 ,nfsd_v3:do_nfsd_create,218,0,0,rq_xid:2022337039
2020-03-21 03:28:17.060779 ,nfsd_dispatch,229,0,rq_xid:2022337039,proc:8
2020-03-21 03:28:17.060852 ,nfsd3_proc_setattr,6,0,0,rq_xid:2022337040
2020-03-21 03:28:17.060856 ,nfsd_dispatch,10,0,rq_xid:2022337040,proc:2
2020-03-21 03:28:17.061013 ,nfsd_vfs_write:vfs_writev,17,0,6,rq_xid:2022337041
2020-03-21 03:28:17.061018 ,nfsd_write:nfsd_vfs_write,22,0,3980,6,rq_xid:2022337041
2020-03-21 03:28:17.061022 ,nfsd_write,29,0,20480,off:0,fh:16: 01010001 0000072a 0034ac62 00000100 00000000 00000000,rq_xid:2022337041
2020-03-21 03:28:17.061026 ,nfsd_dispatch,36,0,rq_xid:2022337041,proc:7
2020-03-21 03:28:17.061384 ,nfsd_v3:do_nfsd_create,228,0,0,rq_xid:2022337042
2020-03-21 03:28:17.061394 ,nfsd_dispatch,239,0,rq_xid:2022337042,proc:8
2020-03-21 03:28:17.061469 ,nfsd3_proc_setattr,6,0,0,rq_xid:2022337043
2020-03-21 03:28:17.061472 ,nfsd_dispatch,11,0,rq_xid:2022337043,proc:2
2020-03-21 03:28:17.061632 ,nfsd_vfs_write:vfs_writev,19,0,6,rq_xid:2022337044
2020-03-21 03:28:17.061636 ,nfsd_write:nfsd_vfs_write,23,0,3980,6,rq_xid:2022337044
2020-03-21 03:28:17.061640 ,nfsd_write,31,0,20480,off:0,fh:16: 01010001 0000072a 0034ac63 00000100 00000000 00000000,rq_xid:2022337044
2020-03-21 03:28:17.061644 ,nfsd_dispatch,37,0,rq_xid:2022337044,proc:7
2020-03-21 03:28:17.061942 ,nfsd_v3:do_nfsd_create,216,0,0,rq_xid:2022337045
2020-03-21 03:28:17.061954 ,nfsd_dispatch,229,0,rq_xid:2022337045,proc:8
2020-03-21 03:28:17.062031 ,nfsd3_proc_setattr,7,0,0,rq_xid:2022337046
2020-03-21 03:28:17.062035 ,nfsd_dispatch,12,0,rq_xid:2022337046,proc:2
2020-03-21 03:28:17.062206 ,nfsd_vfs_write:vfs_writev,20,0,6,rq_xid:2022337047
2020-03-21 03:28:17.062211 ,nfsd_write:nfsd_vfs_write,25,0,3980,6,rq_xid:2022337047
2020-03-21 03:28:17.062216 ,nfsd_write,34,0,20480,off:0,fh:16: 01010001 0000072a 0034ac64 00000100 00000000 00000000,rq_xid:2022337047
2020-03-21 03:28:17.062220 ,nfsd_dispatch,41,0,rq_xid:2022337047,proc:7
2020-03-21 03:28:17.062544 ,nfsd_v3:do_nfsd_create,224,0,0,rq_xid:2022337048
2020-03-21 03:28:17.062555 ,nfsd_dispatch,236,0,rq_xid:2022337048,proc:8
2020-03-21 03:28:17.062634 ,nfsd3_proc_setattr,6,0,0,rq_xid:2022337049
2020-03-21 03:28:17.062637 ,nfsd_dispatch,12,0,rq_xid:2022337049,proc:2
2020-03-21 03:28:17.062813 ,nfsd_vfs_write:vfs_writev,20,0,6,rq_xid:2022337050
2020-03-21 03:28:17.062818 ,nfsd_write:nfsd_vfs_write,25,0,3980,6,rq_xid:2022337050
2020-03-21 03:28:17.062822 ,nfsd_write,33,0,20480,off:0,fh:16: 01010001 0000072a 0034ac65 00000100 00000000 00000000,rq_xid:2022337050
2020-03-21 03:28:17.062827 ,nfsd_dispatch,41,0,rq_xid:2022337050,proc:7
2020-03-21 03:28:17.063163 ,nfsd_v3:do_nfsd_create,222,0,0,rq_xid:2022337051
2020-03-21 03:28:17.063174 ,nfsd_dispatch,236,0,rq_xid:2022337051,proc:8
2020-03-21 03:28:17.063254 ,nfsd3_proc_setattr,7,0,0,rq_xid:2022337052
2020-03-21 03:28:17.063258 ,nfsd_dispatch,12,0,rq_xid:2022337052,proc:2
2020-03-21 03:28:17.063440 ,nfsd_vfs_write:vfs_writev,18,0,6,rq_xid:2022337053
2020-03-21 03:28:17.063444 ,nfsd_write:nfsd_vfs_write,23,0,3980,6,rq_xid:2022337053
2020-03-21 03:28:17.063449 ,nfsd_write,31,0,20480,off:0,fh:16: 01010001 0000072a 0034ac66 00000100 00000000 00000000,rq_xid:2022337053
2020-03-21 03:28:17.063453 ,nfsd_dispatch,38,0,rq_xid:2022337053,proc:7
2020-03-21 03:28:17.063832 ,nfsd_v3:do_nfsd_create,247,0,0,rq_xid:2022337054
2020-03-21 03:28:17.063846 ,nfsd_dispatch,262,0,rq_xid:2022337054,proc:8
2020-03-21 03:28:17.063928 ,nfsd3_proc_setattr,7,0,0,rq_xid:2022337055
2020-03-21 03:28:17.063931 ,nfsd_dispatch,11,0,rq_xid:2022337055,proc:2
2020-03-21 03:28:17.064123 ,nfsd_vfs_write:vfs_writev,19,0,6,rq_xid:2022337056
2020-03-21 03:28:17.064129 ,nfsd_write:nfsd_vfs_write,25,0,3980,6,rq_xid:2022337056
2020-03-21 03:28:17.064133 ,nfsd_write,33,0,20480,off:0,fh:16: 01010001 0000072a 0034ac67 00000100 00000000 00000000,rq_xid:2022337056
2020-03-21 03:28:17.064138 ,nfsd_dispatch,40,0,rq_xid:2022337056,proc:7
2020-03-21 03:28:17.064532 ,nfsd_v3:do_nfsd_create,244,0,0,rq_xid:2022337057
2020-03-21 03:28:17.064545 ,nfsd_dispatch,258,0,rq_xid:2022337057,proc:8
2020-03-21 03:28:17.064625 ,nfsd3_proc_setattr,6,0,0,rq_xid:2022337058
2020-03-21 03:28:17.064628 ,nfsd_dispatch,10,0,rq_xid:2022337058,proc:2
2020-03-21 03:28:17.064813 ,nfsd_vfs_write:vfs_writev,17,0,6,rq_xid:2022337059
2020-03-21 03:28:17.064818 ,nfsd_write:nfsd_vfs_write,22,0,3980,6,rq_xid:2022337059
2020-03-21 03:28:17.064822 ,nfsd_write,29,0,20480,off:0,fh:16: 01010001 0000072a 0034ac68 00000100 00000000 00000000,rq_xid:2022337059
2020-03-21 03:28:17.064826 ,nfsd_dispatch,35,0,rq_xid:2022337059,proc:7
2020-03-21 03:28:17.065224 ,nfsd_v3:do_nfsd_create,225,0,0,rq_xid:2022337060
2020-03-21 03:28:17.065233 ,nfsd_dispatch,235,0,rq_xid:2022337060,proc:8
2020-03-21 03:28:17.065303 ,nfsd3_proc_setattr,5,0,0,rq_xid:2022337061
2020-03-21 03:28:17.065306 ,nfsd_dispatch,8,0,rq_xid:2022337061,proc:2
2020-03-21 03:28:17.065452 ,nfsd_vfs_write:vfs_writev,16,0,6,rq_xid:2022337062
2020-03-21 03:28:17.065456 ,nfsd_write:nfsd_vfs_write,20,0,3980,6,rq_xid:2022337062
2020-03-21 03:28:17.065460 ,nfsd_write,27,0,20480,off:0,fh:16: 01010001 0000072a 0034ac69 00000100 00000000 00000000,rq_xid:2022337062
2020-03-21 03:28:17.065464 ,nfsd_dispatch,33,0,rq_xid:2022337062,proc:7
2020-03-21 03:28:17.065760 ,nfsd_v3:do_nfsd_create,206,0,0,rq_xid:2022337063
2020-03-21 03:28:17.065774 ,nfsd_dispatch,220,0,rq_xid:2022337063,proc:8
2020-03-21 03:28:17.065852 ,nfsd3_proc_setattr,6,0,0,rq_xid:2022337064
2020-03-21 03:28:17.065855 ,nfsd_dispatch,10,0,rq_xid:2022337064,proc:2
2020-03-21 03:28:17.066013 ,nfsd_vfs_write:vfs_writev,18,0,6,rq_xid:2022337065
2020-03-21 03:28:17.066018 ,nfsd_write:nfsd_vfs_write,23,0,3980,6,rq_xid:2022337065
2020-03-21 03:28:17.066022 ,nfsd_write,32,0,20480,off:0,fh:16: 01010001 0000072a 0034ac6a 00000100 00000000 00000000,rq_xid:2022337065
2020-03-21 03:28:17.066027 ,nfsd_dispatch,39,0,rq_xid:2022337065,proc:7
2020-03-21 03:28:17.066361 ,nfsd_v3:do_nfsd_create,245,0,0,rq_xid:2022337066
2020-03-21 03:28:17.066372 ,nfsd_dispatch,257,0,rq_xid:2022337066,proc:8
2020-03-21 03:28:17.066452 ,nfsd3_proc_setattr,5,0,0,rq_xid:2022337067
2020-03-21 03:28:17.066455 ,nfsd_dispatch,10,0,rq_xid:2022337067,proc:2
2020-03-21 03:28:17.066601 ,nfsd_vfs_write:vfs_writev,17,0,6,rq_xid:2022337068
2020-03-21 03:28:17.066606 ,nfsd_write:nfsd_vfs_write,22,0,3980,6,rq_xid:2022337068
2020-03-21 03:28:17.066610 ,nfsd_write,29,0,20480,off:0,fh:16: 01010001 0000072a 0034ac6b 00000100 00000000 00000000,rq_xid:2022337068
2020-03-21 03:28:17.066614 ,nfsd_dispatch,35,0,rq_xid:2022337068,proc:7
2020-03-21 03:28:17.066916 ,nfsd_v3:do_nfsd_create,220,0,0,rq_xid:2022337069
2020-03-21 03:28:17.066927 ,nfsd_dispatch,231,0,rq_xid:2022337069,proc:8
2020-03-21 03:28:17.066999 ,nfsd3_proc_setattr,5,0,0,rq_xid:2022337070
2020-03-21 03:28:17.067002 ,nfsd_dispatch,9,0,rq_xid:2022337070,proc:2
2020-03-21 03:28:17.067154 ,nfsd_vfs_write:vfs_writev,20,0,6,rq_xid:2022337071
2020-03-21 03:28:17.067158 ,nfsd_write:nfsd_vfs_write,24,0,3980,6,rq_xid:2022337071
2020-03-21 03:28:17.067162 ,nfsd_write,31,0,20480,off:0,fh:16: 01010001 0000072a 0034ac6c 00000100 00000000 00000000,rq_xid:2022337071
2020-03-21 03:28:17.067166 ,nfsd_dispatch,38,0,rq_xid:2022337071,proc:7
2020-03-21 03:28:17.067487 ,nfsd_v3:do_nfsd_create,234,0,0,rq_xid:2022337072
2020-03-21 03:28:17.067498 ,nfsd_dispatch,247,0,rq_xid:2022337072,proc:8
2020-03-21 03:28:17.067574 ,nfsd3_proc_setattr,6,0,0,rq_xid:2022337073
2020-03-21 03:28:17.067577 ,nfsd_dispatch,10,0,rq_xid:2022337073,proc:2
2020-03-21 03:28:17.067724 ,nfsd_vfs_write:vfs_writev,18,0,6,rq_xid:2022337074
2020-03-21 03:28:17.067728 ,nfsd_write:nfsd_vfs_write,22,0,3980,6,rq_xid:2022337074
2020-03-21 03:28:17.067733 ,nfsd_write,29,0,20480,off:0,fh:16: 01010001 0000072a 0034ac6d 00000100 00000000 00000000,rq_xid:2022337074
2020-03-21 03:28:17.067736 ,nfsd_dispatch,35,0,rq_xid:2022337074,proc:7
2020-03-21 03:28:17.068052 ,nfsd_v3:do_nfsd_create,229,0,0,rq_xid:2022337075
2020-03-21 03:28:17.068062 ,nfsd_dispatch,241,0,rq_xid:2022337075,proc:8
2020-03-21 03:28:17.068135 ,nfsd3_proc_setattr,6,0,0,rq_xid:2022337076
2020-03-21 03:28:17.068138 ,nfsd_dispatch,10,0,rq_xid:2022337076,proc:2
2020-03-21 03:28:17.068291 ,nfsd_vfs_write:vfs_writev,19,0,6,rq_xid:2022337077
2020-03-21 03:28:17.068295 ,nfsd_write:nfsd_vfs_write,23,0,3980,6,rq_xid:2022337077
2020-03-21 03:28:17.068299 ,nfsd_write,30,0,20480,off:0,fh:16: 01010001 0000072a 0034ac6e 00000100 00000000 00000000,rq_xid:2022337077
2020-03-21 03:28:17.068303 ,nfsd_dispatch,36,0,rq_xid:2022337077,proc:7
2020-03-21 03:28:17.068622 ,nfsd_v3:do_nfsd_create,234,0,0,rq_xid:2022337078
2020-03-21 03:28:17.068633 ,nfsd_dispatch,246,0,rq_xid:2022337078,proc:8
2020-03-21 03:28:17.068709 ,nfsd3_proc_setattr,5,0,0,rq_xid:2022337079
2020-03-21 03:28:17.068712 ,nfsd_dispatch,9,0,rq_xid:2022337079,proc:2
2020-03-21 03:28:17.068864 ,nfsd_vfs_write:vfs_writev,16,0,6,rq_xid:2022337080
2020-03-21 03:28:17.068867 ,nfsd_write:nfsd_vfs_write,20,0,3980,6,rq_xid:2022337080
2020-03-21 03:28:17.068871 ,nfsd_write,28,0,20480,off:0,fh:16: 01010001 0000072a 0034ac6f 00000100 00000000 00000000,rq_xid:2022337080
2020-03-21 03:28:17.068875 ,nfsd_dispatch,34,0,rq_xid:2022337080,proc:7
2020-03-21 03:28:17.069214 ,nfsd_v3:do_nfsd_create,253,0,0,rq_xid:2022337081
2020-03-21 03:28:17.069224 ,nfsd_dispatch,264,0,rq_xid:2022337081,proc:8
2020-03-21 03:28:17.069298 ,nfsd3_proc_setattr,5,0,0,rq_xid:2022337082
2020-03-21 03:28:17.069301 ,nfsd_dispatch,9,0,rq_xid:2022337082,proc:2
2020-03-21 03:28:17.069452 ,nfsd_vfs_write:vfs_writev,16,0,6,rq_xid:2022337083
2020-03-21 03:28:17.069456 ,nfsd_write:nfsd_vfs_write,21,0,3980,6,rq_xid:2022337083
2020-03-21 03:28:17.069461 ,nfsd_write,28,0,20480,off:0,fh:16: 01010001 0000072a 0034ac70 00000100 00000000 00000000,rq_xid:2022337083
2020-03-21 03:28:17.069465 ,nfsd_dispatch,34,0,rq_xid:2022337083,proc:7
2020-03-21 03:28:17.069791 ,nfsd_v3:do_nfsd_create,239,0,0,rq_xid:2022337084
2020-03-21 03:28:17.069801 ,nfsd_dispatch,250,0,rq_xid:2022337084,proc:8
2020-03-21 03:28:17.069875 ,nfsd3_proc_setattr,5,0,0,rq_xid:2022337085
2020-03-21 03:28:17.069878 ,nfsd_dispatch,9,0,rq_xid:2022337085,proc:2
2020-03-21 03:28:17.070037 ,nfsd_vfs_write:vfs_writev,18,0,6,rq_xid:2022337086
2020-03-21 03:28:17.070041 ,nfsd_write:nfsd_vfs_write,22,0,3980,6,rq_xid:2022337086
2020-03-21 03:28:17.070045 ,nfsd_write,29,0,20480,off:0,fh:16: 01010001 0000072a 0034ac71 00000100 00000000 00000000,rq_xid:2022337086
2020-03-21 03:28:17.070049 ,nfsd_dispatch,35,0,rq_xid:2022337086,proc:7
2020-03-21 03:28:17.070368 ,nfsd_v3:do_nfsd_create,234,0,0,rq_xid:2022337087
2020-03-21 03:28:17.070379 ,nfsd_dispatch,246,0,rq_xid:2022337087,proc:8
2020-03-21 03:28:17.070469 ,nfsd3_proc_setattr,5,0,0,rq_xid:2022337088
2020-03-21 03:28:17.070473 ,nfsd_dispatch,10,0,rq_xid:2022337088,proc:2
2020-03-21 03:28:17.070625 ,nfsd_vfs_write:vfs_writev,15,0,6,rq_xid:2022337089
2020-03-21 03:28:17.070630 ,nfsd_write:nfsd_vfs_write,19,0,3980,6,rq_xid:2022337089
2020-03-21 03:28:17.070634 ,nfsd_write,27,0,20480,off:0,fh:16: 01010001 0000072a 0034ac72 00000100 00000000 00000000,rq_xid:2022337089
2020-03-21 03:28:17.070637 ,nfsd_dispatch,32,0,rq_xid:2022337089,proc:7
2020-03-21 03:28:17.070943 ,nfsd_v3:do_nfsd_create,222,0,0,rq_xid:2022337090
2020-03-21 03:28:17.070954 ,nfsd_dispatch,234,0,rq_xid:2022337090,proc:8
2020-03-21 03:28:17.071023 ,nfsd3_proc_setattr,5,0,0,rq_xid:2022337091
2020-03-21 03:28:17.071026 ,nfsd_dispatch,9,0,rq_xid:2022337091,proc:2
2020-03-21 03:28:17.071189 ,nfsd_vfs_write:vfs_writev,18,0,6,rq_xid:2022337092
2020-03-21 03:28:17.071194 ,nfsd_write:nfsd_vfs_write,23,0,3980,6,rq_xid:2022337092
2020-03-21 03:28:17.071198 ,nfsd_write,32,0,20480,off:0,fh:16: 01010001 0000072a 0034ac73 00000100 00000000 00000000,rq_xid:2022337092
2020-03-21 03:28:17.071203 ,nfsd_dispatch,40,0,rq_xid:2022337092,proc:7
2020-03-21 03:28:17.071513 ,nfsd_v3:do_nfsd_create,227,0,0,rq_xid:2022337093
2020-03-21 03:28:17.071524 ,nfsd_dispatch,239,0,rq_xid:2022337093,proc:8
2020-03-21 03:28:17.071596 ,nfsd3_proc_setattr,6,0,0,rq_xid:2022337094
2020-03-21 03:28:17.071599 ,nfsd_dispatch,10,0,rq_xid:2022337094,proc:2
2020-03-21 03:28:17.071749 ,nfsd_vfs_write:vfs_writev,16,0,6,rq_xid:2022337095
2020-03-21 03:28:17.071753 ,nfsd_write:nfsd_vfs_write,20,0,3980,6,rq_xid:2022337095
2020-03-21 03:28:17.071757 ,nfsd_write,26,0,20480,off:0,fh:16: 01010001 0000072a 0034ac74 00000100 00000000 00000000,rq_xid:2022337095
2020-03-21 03:28:17.071761 ,nfsd_dispatch,33,0,rq_xid:2022337095,proc:7
2020-03-21 03:28:17.072058 ,nfsd_v3:do_nfsd_create,215,0,0,rq_xid:2022337096
2020-03-21 03:28:17.072067 ,nfsd_dispatch,225,0,rq_xid:2022337096,proc:8
2020-03-21 03:28:17.072134 ,nfsd3_proc_setattr,5,0,0,rq_xid:2022337097
2020-03-21 03:28:17.072137 ,nfsd_dispatch,9,0,rq_xid:2022337097,proc:2
2020-03-21 03:28:17.072286 ,nfsd_vfs_write:vfs_writev,18,0,6,rq_xid:2022337098
2020-03-21 03:28:17.072290 ,nfsd_write:nfsd_vfs_write,21,0,3980,6,rq_xid:2022337098
2020-03-21 03:28:17.072293 ,nfsd_write,28,0,20480,off:0,fh:16: 01010001 0000072a 0034ac75 00000100 00000000 00000000,rq_xid:2022337098
2020-03-21 03:28:17.072297 ,nfsd_dispatch,34,0,rq_xid:2022337098,proc:7
2020-03-21 03:28:17.072658 ,nfsd_v3:do_nfsd_create,280,0,0,rq_xid:2022337099
2020-03-21 03:28:17.072669 ,nfsd_dispatch,291,0,rq_xid:2022337099,proc:8
2020-03-21 03:28:17.072748 ,nfsd3_proc_setattr,8,0,0,rq_xid:2022337100
2020-03-21 03:28:17.072752 ,nfsd_dispatch,14,0,rq_xid:2022337100,proc:2
2020-03-21 03:28:17.072909 ,nfsd_vfs_write:vfs_writev,18,0,6,rq_xid:2022337101
2020-03-21 03:28:17.072913 ,nfsd_write:nfsd_vfs_write,22,0,3980,6,rq_xid:2022337101
2020-03-21 03:28:17.072917 ,nfsd_write,30,0,20480,off:0,fh:16: 01010001 0000072a 0034ac76 00000100 00000000 00000000,rq_xid:2022337101
2020-03-21 03:28:17.072922 ,nfsd_dispatch,36,0,rq_xid:2022337101,proc:7
2020-03-21 03:28:17.073282 ,nfsd_v3:do_nfsd_create,253,0,0,rq_xid:2022337102
2020-03-21 03:28:17.073294 ,nfsd_dispatch,266,0,rq_xid:2022337102,proc:8
2020-03-21 03:28:17.073369 ,nfsd3_proc_setattr,5,0,0,rq_xid:2022337103
2020-03-21 03:28:17.073372 ,nfsd_dispatch,9,0,rq_xid:2022337103,proc:2
2020-03-21 03:28:17.073537 ,nfsd_vfs_write:vfs_writev,19,0,6,rq_xid:2022337104
2020-03-21 03:28:17.073542 ,nfsd_write:nfsd_vfs_write,24,0,3980,6,rq_xid:2022337104
2020-03-21 03:28:17.073546 ,nfsd_write,30,0,20480,off:0,fh:16: 01010001 0000072a 0034ac77 00000100 00000000 00000000,rq_xid:2022337104
2020-03-21 03:28:17.073550 ,nfsd_dispatch,37,0,rq_xid:2022337104,proc:7
2020-03-21 03:28:17.073920 ,nfsd_v3:do_nfsd_create,246,0,0,rq_xid:2022337105
2020-03-21 03:28:17.073931 ,nfsd_dispatch,258,0,rq_xid:2022337105,proc:8
2020-03-21 03:28:17.074004 ,nfsd3_proc_setattr,5,0,0,rq_xid:2022337106
2020-03-21 03:28:17.074007 ,nfsd_dispatch,10,0,rq_xid:2022337106,proc:2
2020-03-21 03:28:17.074164 ,nfsd_vfs_write:vfs_writev,18,0,6,rq_xid:2022337107
2020-03-21 03:28:17.074168 ,nfsd_write:nfsd_vfs_write,22,0,3980,6,rq_xid:2022337107
2020-03-21 03:28:17.074172 ,nfsd_write,29,0,20480,off:0,fh:16: 01010001 0000072a 0034ac78 00000100 00000000 00000000,rq_xid:2022337107
2020-03-21 03:28:17.074176 ,nfsd_dispatch,35,0,rq_xid:2022337107,proc:7
2020-03-21 03:28:17.074544 ,nfsd_v3:do_nfsd_create,256,0,0,rq_xid:2022337108
2020-03-21 03:28:17.074556 ,nfsd_dispatch,269,0,rq_xid:2022337108,proc:8
2020-03-21 03:28:17.074630 ,nfsd3_proc_setattr,5,0,0,rq_xid:2022337109
2020-03-21 03:28:17.074634 ,nfsd_dispatch,10,0,rq_xid:2022337109,proc:2
2020-03-21 03:28:17.074830 ,nfsd_vfs_write:vfs_writev,20,0,6,rq_xid:2022337110
2020-03-21 03:28:17.074835 ,nfsd_write:nfsd_vfs_write,25,0,3980,6,rq_xid:2022337110
2020-03-21 03:28:17.074840 ,nfsd_write,35,0,20480,off:0,fh:16: 01010001 0000072a 0034ac79 00000100 00000000 00000000,rq_xid:2022337110
2020-03-21 03:28:17.074844 ,nfsd_dispatch,42,0,rq_xid:2022337110,proc:7
2020-03-21 03:28:17.075369 ,nfsd_v3:do_nfsd_create,350,0,0,rq_xid:2022337111
2020-03-21 03:28:17.075380 ,nfsd_dispatch,364,0,rq_xid:2022337111,proc:8
2020-03-21 03:28:17.075465 ,nfsd3_proc_setattr,8,0,0,rq_xid:2022337112
2020-03-21 03:28:17.075469 ,nfsd_dispatch,13,0,rq_xid:2022337112,proc:2
2020-03-21 03:28:17.075646 ,nfsd_vfs_write:vfs_writev,19,0,6,rq_xid:2022337113
2020-03-21 03:28:17.075651 ,nfsd_write:nfsd_vfs_write,24,0,3980,6,rq_xid:2022337113
2020-03-21 03:28:17.075655 ,nfsd_write,33,0,20480,off:0,fh:16: 01010001 0000072a 0034ac7a 00000100 00000000 00000000,rq_xid:2022337113
2020-03-21 03:28:17.075659 ,nfsd_dispatch,40,0,rq_xid:2022337113,proc:7
2020-03-21 03:28:17.076324 ,nfsd_v3:do_nfsd_create,536,0,0,rq_xid:2022337114
2020-03-21 03:28:17.076335 ,nfsd_dispatch,549,0,rq_xid:2022337114,proc:8
2020-03-21 03:28:17.076411 ,nfsd3_proc_setattr,6,0,0,rq_xid:2022337115
2020-03-21 03:28:17.076415 ,nfsd_dispatch,10,0,rq_xid:2022337115,proc:2
2020-03-21 03:28:17.076599 ,nfsd_vfs_write:vfs_writev,18,0,6,rq_xid:2022337116
2020-03-21 03:28:17.076603 ,nfsd_write:nfsd_vfs_write,22,0,3980,6,rq_xid:2022337116
2020-03-21 03:28:17.076607 ,nfsd_write,29,0,20480,off:0,fh:16: 01010001 0000072a 0034ac7b 00000100 00000000 00000000,rq_xid:2022337116
2020-03-21 03:28:17.076611 ,nfsd_dispatch,35,0,rq_xid:2022337116,proc:7
2020-03-21 03:28:17.077007 ,nfsd_v3:do_nfsd_create,260,0,0,rq_xid:2022337117
2020-03-21 03:28:17.077020 ,nfsd_dispatch,274,0,rq_xid:2022337117,proc:8
2020-03-21 03:28:17.077099 ,nfsd3_proc_setattr,6,0,0,rq_xid:2022337118
2020-03-21 03:28:17.077102 ,nfsd_dispatch,11,0,rq_xid:2022337118,proc:2
2020-03-21 03:28:17.077294 ,nfsd_vfs_write:vfs_writev,22,0,6,rq_xid:2022337119
2020-03-21 03:28:17.077299 ,nfsd_write:nfsd_vfs_write,27,0,3980,6,rq_xid:2022337119
2020-03-21 03:28:17.077303 ,nfsd_write,35,0,20480,off:0,fh:16: 01010001 0000072a 0034ac7c 00000100 00000000 00000000,rq_xid:2022337119
2020-03-21 03:28:17.077308 ,nfsd_dispatch,43,0,rq_xid:2022337119,proc:7
2020-03-21 03:28:17.077700 ,nfsd_v3:do_nfsd_create,241,0,0,rq_xid:2022337120
2020-03-21 03:28:17.077711 ,nfsd_dispatch,253,0,rq_xid:2022337120,proc:8
2020-03-21 03:28:17.077781 ,nfsd3_proc_setattr,5,0,0,rq_xid:2022337121
2020-03-21 03:28:17.077784 ,nfsd_dispatch,9,0,rq_xid:2022337121,proc:2
2020-03-21 03:28:17.077935 ,nfsd_vfs_write:vfs_writev,16,0,6,rq_xid:2022337122
2020-03-21 03:28:17.077939 ,nfsd_write:nfsd_vfs_write,20,0,3980,6,rq_xid:2022337122
2020-03-21 03:28:17.077943 ,nfsd_write,26,0,20480,off:0,fh:16: 01010001 0000072a 0034ac7d 00000100 00000000 00000000,rq_xid:2022337122
2020-03-21 03:28:17.077947 ,nfsd_dispatch,33,0,rq_xid:2022337122,proc:7
2020-03-21 03:28:17.078288 ,nfsd_v3:do_nfsd_create,259,0,0,rq_xid:2022337123
2020-03-21 03:28:17.078298 ,nfsd_dispatch,271,0,rq_xid:2022337123,proc:8
2020-03-21 03:28:17.078368 ,nfsd3_proc_setattr,5,0,0,rq_xid:2022337124
2020-03-21 03:28:17.078371 ,nfsd_dispatch,9,0,rq_xid:2022337124,proc:2
2020-03-21 03:28:17.078528 ,nfsd_vfs_write:vfs_writev,18,0,6,rq_xid:2022337125
2020-03-21 03:28:17.078532 ,nfsd_write:nfsd_vfs_write,22,0,3980,6,rq_xid:2022337125
2020-03-21 03:28:17.078536 ,nfsd_write,28,0,20480,off:0,fh:16: 01010001 0000072a 0034ac7e 00000100 00000000 00000000,rq_xid:2022337125
2020-03-21 03:28:17.078540 ,nfsd_dispatch,35,0,rq_xid:2022337125,proc:7
2020-03-21 03:28:17.078860 ,nfsd_v3:do_nfsd_create,238,0,0,rq_xid:2022337126
2020-03-21 03:28:17.078870 ,nfsd_dispatch,249,0,rq_xid:2022337126,proc:8
2020-03-21 03:28:17.078939 ,nfsd3_proc_setattr,5,0,0,rq_xid:2022337127
2020-03-21 03:28:17.078943 ,nfsd_dispatch,10,0,rq_xid:2022337127,proc:2
2020-03-21 03:28:17.079092 ,nfsd_vfs_write:vfs_writev,20,0,6,rq_xid:2022337128
2020-03-21 03:28:17.079096 ,nfsd_write:nfsd_vfs_write,24,0,3980,6,rq_xid:2022337128
2020-03-21 03:28:17.079100 ,nfsd_write,30,0,20480,off:0,fh:16: 01010001 0000072a 0034ac7f 00000100 00000000 00000000,rq_xid:2022337128
2020-03-21 03:28:17.079104 ,nfsd_dispatch,37,0,rq_xid:2022337128,proc:7
2020-03-21 03:28:17.079426 ,nfsd_v3:do_nfsd_create,239,0,0,rq_xid:2022337129
2020-03-21 03:28:17.079437 ,nfsd_dispatch,251,0,rq_xid:2022337129,proc:8
2020-03-21 03:28:17.079507 ,nfsd3_proc_setattr,5,0,0,rq_xid:2022337130
2020-03-21 03:28:17.079510 ,nfsd_dispatch,9,0,rq_xid:2022337130,proc:2
2020-03-21 03:28:17.079660 ,nfsd_vfs_write:vfs_writev,16,0,6,rq_xid:2022337131
2020-03-21 03:28:17.079664 ,nfsd_write:nfsd_vfs_write,20,0,3980,6,rq_xid:2022337131
2020-03-21 03:28:17.079668 ,nfsd_write,26,0,20480,off:0,fh:16: 01010001 0000072a 0034ac80 00000100 00000000 00000000,rq_xid:2022337131
2020-03-21 03:28:17.079672 ,nfsd_dispatch,32,0,rq_xid:2022337131,proc:7
2020-03-21 03:28:17.079958 ,nfsd_v3:do_nfsd_create,206,0,0,rq_xid:2022337132
2020-03-21 03:28:17.079968 ,nfsd_dispatch,217,0,rq_xid:2022337132,proc:8
2020-03-21 03:28:17.080036 ,nfsd3_proc_setattr,4,0,0,rq_xid:2022337133
2020-03-21 03:28:17.080039 ,nfsd_dispatch,9,0,rq_xid:2022337133,proc:2
2020-03-21 03:28:17.080192 ,nfsd_vfs_write:vfs_writev,19,0,6,rq_xid:2022337134
2020-03-21 03:28:17.080196 ,nfsd_write:nfsd_vfs_write,23,0,3980,6,rq_xid:2022337134
2020-03-21 03:28:17.080200 ,nfsd_write,29,0,20480,off:0,fh:16: 01010001 0000072a 0034ac81 00000100 00000000 00000000,rq_xid:2022337134
2020-03-21 03:28:17.080204 ,nfsd_dispatch,36,0,rq_xid:2022337134,proc:7
2020-03-21 03:28:17.080519 ,nfsd_v3:do_nfsd_create,232,0,0,rq_xid:2022337135
2020-03-21 03:28:17.080529 ,nfsd_dispatch,243,0,rq_xid:2022337135,proc:8
2020-03-21 03:28:17.080598 ,nfsd3_proc_setattr,5,0,0,rq_xid:2022337136
2020-03-21 03:28:17.080601 ,nfsd_dispatch,9,0,rq_xid:2022337136,proc:2
2020-03-21 03:28:17.080751 ,nfsd_vfs_write:vfs_writev,15,0,6,rq_xid:2022337137
2020-03-21 03:28:17.080754 ,nfsd_write:nfsd_vfs_write,20,0,3980,6,rq_xid:2022337137
2020-03-21 03:28:17.080758 ,nfsd_write,26,0,20480,off:0,fh:16: 01010001 0000072a 0034ac82 00000100 00000000 00000000,rq_xid:2022337137
2020-03-21 03:28:17.080762 ,nfsd_dispatch,32,0,rq_xid:2022337137,proc:7
2020-03-21 03:28:17.081099 ,nfsd_v3:do_nfsd_create,255,0,0,rq_xid:2022337138
2020-03-21 03:28:17.081108 ,nfsd_dispatch,265,0,rq_xid:2022337138,proc:8
2020-03-21 03:28:17.081178 ,nfsd3_proc_setattr,5,0,0,rq_xid:2022337139
2020-03-21 03:28:17.081181 ,nfsd_dispatch,8,0,rq_xid:2022337139,proc:2
2020-03-21 03:28:17.081335 ,nfsd_vfs_write:vfs_writev,16,0,6,rq_xid:2022337140
2020-03-21 03:28:17.081339 ,nfsd_write:nfsd_vfs_write,20,0,3980,6,rq_xid:2022337140
2020-03-21 03:28:17.081343 ,nfsd_write,26,0,20480,off:0,fh:16: 01010001 0000072a 0034ac83 00000100 00000000 00000000,rq_xid:2022337140
2020-03-21 03:28:17.081347 ,nfsd_dispatch,33,0,rq_xid:2022337140,proc:7
2020-03-21 03:28:17.081679 ,nfsd_v3:do_nfsd_create,250,0,0,rq_xid:2022337141
2020-03-21 03:28:17.081688 ,nfsd_dispatch,261,0,rq_xid:2022337141,proc:8
2020-03-21 03:28:17.081759 ,nfsd3_proc_setattr,4,0,0,rq_xid:2022337142
2020-03-21 03:28:17.081762 ,nfsd_dispatch,8,0,rq_xid:2022337142,proc:2
2020-03-21 03:28:17.081913 ,nfsd_vfs_write:vfs_writev,17,0,6,rq_xid:2022337143
2020-03-21 03:28:17.081917 ,nfsd_write:nfsd_vfs_write,21,0,3980,6,rq_xid:2022337143
2020-03-21 03:28:17.081921 ,nfsd_write,28,0,20480,off:0,fh:16: 01010001 0000072a 0034ac84 00000100 00000000 00000000,rq_xid:2022337143
2020-03-21 03:28:17.081925 ,nfsd_dispatch,34,0,rq_xid:2022337143,proc:7
2020-03-21 03:28:17.082251 ,nfsd_v3:do_nfsd_create,244,0,0,rq_xid:2022337144
2020-03-21 03:28:17.082260 ,nfsd_dispatch,255,0,rq_xid:2022337144,proc:8
2020-03-21 03:28:17.082330 ,nfsd3_proc_setattr,4,0,0,rq_xid:2022337145
2020-03-21 03:28:17.082333 ,nfsd_dispatch,9,0,rq_xid:2022337145,proc:2
2020-03-21 03:28:17.082482 ,nfsd_vfs_write:vfs_writev,16,0,6,rq_xid:2022337146
2020-03-21 03:28:17.082485 ,nfsd_write:nfsd_vfs_write,20,0,3980,6,rq_xid:2022337146
2020-03-21 03:28:17.082489 ,nfsd_write,27,0,20480,off:0,fh:16: 01010001 0000072a 0034ac85 00000100 00000000 00000000,rq_xid:2022337146
2020-03-21 03:28:17.082493 ,nfsd_dispatch,33,0,rq_xid:2022337146,proc:7
2020-03-21 03:28:17.082799 ,nfsd_v3:do_nfsd_create,223,0,0,rq_xid:2022337147
2020-03-21 03:28:17.082812 ,nfsd_dispatch,237,0,rq_xid:2022337147,proc:8
2020-03-21 03:28:17.082888 ,nfsd3_proc_setattr,6,0,0,rq_xid:2022337148
2020-03-21 03:28:17.082891 ,nfsd_dispatch,11,0,rq_xid:2022337148,proc:2
2020-03-21 03:28:17.083038 ,nfsd_vfs_write:vfs_writev,18,0,6,rq_xid:2022337149
2020-03-21 03:28:17.083043 ,nfsd_write:nfsd_vfs_write,22,0,3980,6,rq_xid:2022337149
2020-03-21 03:28:17.083047 ,nfsd_write,30,0,20480,off:0,fh:16: 01010001 0000072a 0034ac86 00000100 00000000 00000000,rq_xid:2022337149
2020-03-21 03:28:17.083051 ,nfsd_dispatch,37,0,rq_xid:2022337149,proc:7
2020-03-21 03:28:17.083376 ,nfsd_v3:do_nfsd_create,241,0,0,rq_xid:2022337150
2020-03-21 03:28:17.083388 ,nfsd_dispatch,255,0,rq_xid:2022337150,proc:8
2020-03-21 03:28:17.083463 ,nfsd3_proc_setattr,5,0,0,rq_xid:2022337151
2020-03-21 03:28:17.083466 ,nfsd_dispatch,10,0,rq_xid:2022337151,proc:2
2020-03-21 03:28:17.083622 ,nfsd_vfs_write:vfs_writev,18,0,6,rq_xid:2022337152
2020-03-21 03:28:17.083627 ,nfsd_write:nfsd_vfs_write,25,0,3980,6,rq_xid:2022337152
2020-03-21 03:28:17.083631 ,nfsd_write,33,0,20480,off:0,fh:16: 01010001 0000072a 0034ac87 00000100 00000000 00000000,rq_xid:2022337152
2020-03-21 03:28:17.083635 ,nfsd_dispatch,40,0,rq_xid:2022337152,proc:7
2020-03-21 03:28:17.083955 ,nfsd_v3:do_nfsd_create,235,0,0,rq_xid:2022337153
2020-03-21 03:28:17.083966 ,nfsd_dispatch,247,0,rq_xid:2022337153,proc:8
2020-03-21 03:28:17.084040 ,nfsd3_proc_setattr,6,0,0,rq_xid:2022337154
2020-03-21 03:28:17.084043 ,nfsd_dispatch,10,0,rq_xid:2022337154,proc:2
2020-03-21 03:28:17.084201 ,nfsd_vfs_write:vfs_writev,19,0,6,rq_xid:2022337155
2020-03-21 03:28:17.084206 ,nfsd_write:nfsd_vfs_write,23,0,3980,6,rq_xid:2022337155
2020-03-21 03:28:17.084210 ,nfsd_write,31,0,20480,off:0,fh:16: 01010001 0000072a 0034ac88 00000100 00000000 00000000,rq_xid:2022337155
2020-03-21 03:28:17.084214 ,nfsd_dispatch,37,0,rq_xid:2022337155,proc:7
2020-03-21 03:28:17.084521 ,nfsd_v3:do_nfsd_create,224,0,0,rq_xid:2022337156
2020-03-21 03:28:17.084531 ,nfsd_dispatch,235,0,rq_xid:2022337156,proc:8
2020-03-21 03:28:17.084605 ,nfsd3_proc_setattr,5,0,0,rq_xid:2022337157
2020-03-21 03:28:17.084609 ,nfsd_dispatch,10,0,rq_xid:2022337157,proc:2
